
Gurobi 12.0.0 (linux64, C++) logging started Wed Dec 25 15:13:57 2024

Set parameter Username
Set parameter LicenseID to value 2602791
Set parameter LogFile to value "gurobi.log"
Academic license - for non-commercial use only - expires 2025-12-22

Gurobi 11.0.3 (linux64) logging started Sat Feb  1 02:12:57 2025

Set parameter Username
Set parameter LicenseID to value 2616515
Academic license - for non-commercial use only - expires 2026-01-30

Gurobi 11.0.3 (linux64) logging started Sat Feb  1 02:18:11 2025

Set parameter Username
Set parameter LicenseID to value 2616515
Academic license - for non-commercial use only - expires 2026-01-30

Gurobi 11.0.3 (linux64) logging started Sat Feb  1 02:18:43 2025

Set parameter Username
Set parameter LicenseID to value 2616515
Academic license - for non-commercial use only - expires 2026-01-30

Gurobi 11.0.3 (linux64) logging started Sat Feb  1 02:19:36 2025

Set parameter Username
Set parameter LicenseID to value 2616515
Academic license - for non-commercial use only - expires 2026-01-30

Gurobi 11.0.3 (linux64) logging started Sat Feb  1 02:20:17 2025

Set parameter Username
Set parameter LicenseID to value 2616515
Academic license - for non-commercial use only - expires 2026-01-30

Gurobi 11.0.3 (linux64) logging started Sat Feb  1 02:21:21 2025

Set parameter Username
Set parameter LicenseID to value 2616515
Academic license - for non-commercial use only - expires 2026-01-30

Gurobi 11.0.3 (linux64) logging started Sat Feb  1 02:22:02 2025

Set parameter Username
Set parameter LicenseID to value 2616515
Academic license - for non-commercial use only - expires 2026-01-30

Gurobi 11.0.3 (linux64) logging started Sat Feb  1 02:24:26 2025

Set parameter Username
Set parameter LicenseID to value 2616515
Academic license - for non-commercial use only - expires 2026-01-30

Gurobi 11.0.3 (linux64) logging started Sat Feb  1 02:25:44 2025

Set parameter Username
Set parameter LicenseID to value 2616515
Academic license - for non-commercial use only - expires 2026-01-30

Gurobi 11.0.3 (linux64) logging started Sat Feb  1 02:28:03 2025

Set parameter Username
Set parameter LicenseID to value 2616515
Academic license - for non-commercial use only - expires 2026-01-30

Gurobi 11.0.3 (linux64) logging started Sat Feb  1 02:28:18 2025

Set parameter Username
Set parameter LicenseID to value 2616515
Academic license - for non-commercial use only - expires 2026-01-30

Gurobi 11.0.3 (linux64) logging started Sat Feb  1 02:28:32 2025

Set parameter Username
Set parameter LicenseID to value 2616515
Academic license - for non-commercial use only - expires 2026-01-30

Gurobi 11.0.3 (linux64) logging started Sat Feb  1 02:31:30 2025

Set parameter Username
Set parameter LicenseID to value 2616515
Academic license - for non-commercial use only - expires 2026-01-30

Gurobi 11.0.3 (linux64) logging started Sat Feb  1 02:32:50 2025

Set parameter Username
Set parameter LicenseID to value 2616515
Academic license - for non-commercial use only - expires 2026-01-30

Gurobi 11.0.3 (linux64) logging started Sat Feb  1 02:33:52 2025

Set parameter Username
Set parameter LicenseID to value 2616515
Academic license - for non-commercial use only - expires 2026-01-30

Gurobi 11.0.3 (linux64) logging started Sat Feb  1 02:34:04 2025

Set parameter Username
Set parameter LicenseID to value 2616515
Academic license - for non-commercial use only - expires 2026-01-30

Gurobi 11.0.3 (linux64) logging started Sat Feb  1 02:35:45 2025

Set parameter Username
Set parameter LicenseID to value 2616515
Academic license - for non-commercial use only - expires 2026-01-30

Gurobi 11.0.3 (linux64) logging started Sat Feb  1 02:40:09 2025

Set parameter Username
Set parameter LicenseID to value 2616515
Academic license - for non-commercial use only - expires 2026-01-30

Gurobi 11.0.3 (linux64) logging started Sat Feb  1 02:40:15 2025

Set parameter Username
Set parameter LicenseID to value 2616515
Academic license - for non-commercial use only - expires 2026-01-30

Gurobi 11.0.3 (linux64) logging started Sat Feb  1 02:43:42 2025

Set parameter Username
Set parameter LicenseID to value 2616515
Academic license - for non-commercial use only - expires 2026-01-30

Gurobi 11.0.3 (linux64) logging started Sat Feb  1 02:43:59 2025

Set parameter Username
Set parameter LicenseID to value 2616515
Academic license - for non-commercial use only - expires 2026-01-30
Gurobi Optimizer version 11.0.3 build v11.0.3rc0 (linux64 - "Ubuntu 22.04.3 LTS")

CPU model: 12th Gen Intel(R) Core(TM) i5-12500, instruction set [SSE2|AVX|AVX2]
Thread count: 6 physical cores, 12 logical processors, using up to 12 threads

Optimize a model with 13 rows, 30 columns and 60 nonzeros
Model fingerprint: 0x71216767
Variable types: 0 continuous, 30 integer (30 binary)
Coefficient statistics:
  Matrix range     [1e+00, 1e+00]
  Objective range  [0e+00, 0e+00]
  Bounds range     [1e+00, 1e+00]
  RHS range        [1e+00, 4e+00]
Found heuristic solution: objective 0.0000000

Explored 0 nodes (0 simplex iterations) in 0.00 seconds (0.00 work units)
Thread count was 1 (of 12 available processors)

Solution count 1: 0 

Optimal solution found (tolerance 1.00e-04)
Best objective 0.000000000000e+00, best bound 0.000000000000e+00, gap 0.0000%

Gurobi 12.0.1 (linux64) logging started Sat Feb  1 02:47:53 2025

Set parameter Username
Set parameter LicenseID to value 2616515
Academic license - for non-commercial use only - expires 2026-01-30
Gurobi Optimizer version 12.0.1 build v12.0.1rc0 (linux64 - "Ubuntu 22.04.3 LTS")

CPU model: 12th Gen Intel(R) Core(TM) i5-12500, instruction set [SSE2|AVX|AVX2]
Thread count: 6 physical cores, 12 logical processors, using up to 12 threads

Optimize a model with 13 rows, 30 columns and 60 nonzeros
Model fingerprint: 0x71216767
Variable types: 0 continuous, 30 integer (30 binary)
Coefficient statistics:
  Matrix range     [1e+00, 1e+00]
  Objective range  [0e+00, 0e+00]
  Bounds range     [1e+00, 1e+00]
  RHS range        [1e+00, 4e+00]
Found heuristic solution: objective 0.0000000

Explored 0 nodes (0 simplex iterations) in 0.00 seconds (0.00 work units)
Thread count was 1 (of 12 available processors)

Solution count 1: 0 

Optimal solution found (tolerance 1.00e-04)
Best objective 0.000000000000e+00, best bound 0.000000000000e+00, gap 0.0000%

Gurobi 12.0.1 (linux64) logging started Sat Feb  1 02:48:09 2025

Set parameter Username
Set parameter LicenseID to value 2616515
Academic license - for non-commercial use only - expires 2026-01-30
Gurobi Optimizer version 12.0.1 build v12.0.1rc0 (linux64 - "Ubuntu 22.04.3 LTS")

CPU model: 12th Gen Intel(R) Core(TM) i5-12500, instruction set [SSE2|AVX|AVX2]
Thread count: 6 physical cores, 12 logical processors, using up to 12 threads

Optimize a model with 13 rows, 30 columns and 60 nonzeros
Model fingerprint: 0x71216767
Variable types: 0 continuous, 30 integer (30 binary)
Coefficient statistics:
  Matrix range     [1e+00, 1e+00]
  Objective range  [0e+00, 0e+00]
  Bounds range     [1e+00, 1e+00]
  RHS range        [1e+00, 4e+00]
Found heuristic solution: objective 0.0000000

Explored 0 nodes (0 simplex iterations) in 0.00 seconds (0.00 work units)
Thread count was 1 (of 12 available processors)

Solution count 1: 0 

Optimal solution found (tolerance 1.00e-04)
Best objective 0.000000000000e+00, best bound 0.000000000000e+00, gap 0.0000%

Gurobi 12.0.1 (linux64) logging started Sat Feb  1 02:48:26 2025

Set parameter Username
Set parameter LicenseID to value 2616515
Academic license - for non-commercial use only - expires 2026-01-30
Gurobi Optimizer version 12.0.1 build v12.0.1rc0 (linux64 - "Ubuntu 22.04.3 LTS")

CPU model: 12th Gen Intel(R) Core(TM) i5-12500, instruction set [SSE2|AVX|AVX2]
Thread count: 6 physical cores, 12 logical processors, using up to 12 threads

Optimize a model with 13 rows, 30 columns and 60 nonzeros
Model fingerprint: 0x71216767
Variable types: 0 continuous, 30 integer (30 binary)
Coefficient statistics:
  Matrix range     [1e+00, 1e+00]
  Objective range  [0e+00, 0e+00]
  Bounds range     [1e+00, 1e+00]
  RHS range        [1e+00, 4e+00]
Found heuristic solution: objective 0.0000000

Explored 0 nodes (0 simplex iterations) in 0.00 seconds (0.00 work units)
Thread count was 1 (of 12 available processors)

Solution count 1: 0 

Optimal solution found (tolerance 1.00e-04)
Best objective 0.000000000000e+00, best bound 0.000000000000e+00, gap 0.0000%

Gurobi 12.0.1 (linux64) logging started Sat Feb  1 02:49:01 2025

Set parameter Username
Set parameter LicenseID to value 2616515
Academic license - for non-commercial use only - expires 2026-01-30
Gurobi Optimizer version 12.0.1 build v12.0.1rc0 (linux64 - "Ubuntu 22.04.3 LTS")

CPU model: 12th Gen Intel(R) Core(TM) i5-12500, instruction set [SSE2|AVX|AVX2]
Thread count: 6 physical cores, 12 logical processors, using up to 12 threads

Optimize a model with 13 rows, 30 columns and 60 nonzeros
Model fingerprint: 0x71216767
Variable types: 0 continuous, 30 integer (30 binary)
Coefficient statistics:
  Matrix range     [1e+00, 1e+00]
  Objective range  [0e+00, 0e+00]
  Bounds range     [1e+00, 1e+00]
  RHS range        [1e+00, 4e+00]
Found heuristic solution: objective 0.0000000

Explored 0 nodes (0 simplex iterations) in 0.00 seconds (0.00 work units)
Thread count was 1 (of 12 available processors)

Solution count 1: 0 

Optimal solution found (tolerance 1.00e-04)
Best objective 0.000000000000e+00, best bound 0.000000000000e+00, gap 0.0000%

Gurobi 12.0.1 (linux64) logging started Sat Feb  1 02:52:56 2025

Set parameter Username
Set parameter LicenseID to value 2616515
Academic license - for non-commercial use only - expires 2026-01-30
Gurobi Optimizer version 12.0.1 build v12.0.1rc0 (linux64 - "Ubuntu 22.04.3 LTS")

CPU model: 12th Gen Intel(R) Core(TM) i5-12500, instruction set [SSE2|AVX|AVX2]
Thread count: 6 physical cores, 12 logical processors, using up to 12 threads

Optimize a model with 13 rows, 30 columns and 60 nonzeros
Model fingerprint: 0x71216767
Variable types: 0 continuous, 30 integer (30 binary)
Coefficient statistics:
  Matrix range     [1e+00, 1e+00]
  Objective range  [0e+00, 0e+00]
  Bounds range     [1e+00, 1e+00]
  RHS range        [1e+00, 4e+00]
Found heuristic solution: objective 0.0000000

Explored 0 nodes (0 simplex iterations) in 0.00 seconds (0.00 work units)
Thread count was 1 (of 12 available processors)

Solution count 1: 0 

Optimal solution found (tolerance 1.00e-04)
Best objective 0.000000000000e+00, best bound 0.000000000000e+00, gap 0.0000%

Gurobi 12.0.1 (linux64) logging started Sat Feb  1 03:02:35 2025

Set parameter Username
Set parameter LicenseID to value 2616515
Academic license - for non-commercial use only - expires 2026-01-30
Gurobi Optimizer version 12.0.1 build v12.0.1rc0 (linux64 - "Ubuntu 22.04.3 LTS")

CPU model: 12th Gen Intel(R) Core(TM) i5-12500, instruction set [SSE2|AVX|AVX2]
Thread count: 6 physical cores, 12 logical processors, using up to 12 threads

Optimize a model with 13 rows, 30 columns and 60 nonzeros
Model fingerprint: 0x71216767
Variable types: 0 continuous, 30 integer (30 binary)
Coefficient statistics:
  Matrix range     [1e+00, 1e+00]
  Objective range  [0e+00, 0e+00]
  Bounds range     [1e+00, 1e+00]
  RHS range        [1e+00, 4e+00]
Found heuristic solution: objective 0.0000000

Explored 0 nodes (0 simplex iterations) in 0.00 seconds (0.00 work units)
Thread count was 1 (of 12 available processors)

Solution count 1: 0 

Optimal solution found (tolerance 1.00e-04)
Best objective 0.000000000000e+00, best bound 0.000000000000e+00, gap 0.0000%

Gurobi 12.0.1 (linux64) logging started Sat Feb  1 03:08:15 2025

Set parameter Username
Set parameter LicenseID to value 2616515
Academic license - for non-commercial use only - expires 2026-01-30
Gurobi Optimizer version 12.0.1 build v12.0.1rc0 (linux64 - "Ubuntu 22.04.3 LTS")

CPU model: 12th Gen Intel(R) Core(TM) i5-12500, instruction set [SSE2|AVX|AVX2]
Thread count: 6 physical cores, 12 logical processors, using up to 12 threads

Optimize a model with 13 rows, 30 columns and 60 nonzeros
Model fingerprint: 0x71216767
Variable types: 0 continuous, 30 integer (30 binary)
Coefficient statistics:
  Matrix range     [1e+00, 1e+00]
  Objective range  [0e+00, 0e+00]
  Bounds range     [1e+00, 1e+00]
  RHS range        [1e+00, 4e+00]
Found heuristic solution: objective 0.0000000

Explored 0 nodes (0 simplex iterations) in 0.00 seconds (0.00 work units)
Thread count was 1 (of 12 available processors)

Solution count 1: 0 

Optimal solution found (tolerance 1.00e-04)
Best objective 0.000000000000e+00, best bound 0.000000000000e+00, gap 0.0000%

Gurobi 12.0.1 (linux64) logging started Sat Feb  1 11:47:50 2025

Set parameter Username
Set parameter LicenseID to value 2616515
Academic license - for non-commercial use only - expires 2026-01-30
Set parameter Threads to value 1
Gurobi Optimizer version 12.0.1 build v12.0.1rc0 (linux64 - "Ubuntu 22.04.3 LTS")

CPU model: 12th Gen Intel(R) Core(TM) i5-12500, instruction set [SSE2|AVX|AVX2]
Thread count: 6 physical cores, 12 logical processors, using up to 1 threads

Non-default parameters:
Threads  1

Optimize a model with 13 rows, 30 columns and 60 nonzeros
Model fingerprint: 0x71216767
Variable types: 0 continuous, 30 integer (30 binary)
Coefficient statistics:
  Matrix range     [1e+00, 1e+00]
  Objective range  [0e+00, 0e+00]
  Bounds range     [1e+00, 1e+00]
  RHS range        [1e+00, 4e+00]
Found heuristic solution: objective 0.0000000

Explored 0 nodes (0 simplex iterations) in 0.00 seconds (0.00 work units)
Thread count was 1 (of 12 available processors)

Solution count 1: 0 

Optimal solution found (tolerance 1.00e-04)
Best objective 0.000000000000e+00, best bound 0.000000000000e+00, gap 0.0000%

Gurobi 12.0.1 (linux64) logging started Sat Feb  1 11:49:18 2025

Set parameter Username
Set parameter LicenseID to value 2616515
Academic license - for non-commercial use only - expires 2026-01-30
Set parameter Threads to value 1
Gurobi Optimizer version 12.0.1 build v12.0.1rc0 (linux64 - "Ubuntu 22.04.3 LTS")

CPU model: 12th Gen Intel(R) Core(TM) i5-12500, instruction set [SSE2|AVX|AVX2]
Thread count: 6 physical cores, 12 logical processors, using up to 1 threads

Non-default parameters:
Threads  1

Optimize a model with 13 rows, 30 columns and 60 nonzeros
Model fingerprint: 0x71216767
Variable types: 0 continuous, 30 integer (30 binary)
Coefficient statistics:
  Matrix range     [1e+00, 1e+00]
  Objective range  [0e+00, 0e+00]
  Bounds range     [1e+00, 1e+00]
  RHS range        [1e+00, 4e+00]
Found heuristic solution: objective 0.0000000

Explored 0 nodes (0 simplex iterations) in 0.00 seconds (0.00 work units)
Thread count was 1 (of 12 available processors)

Solution count 1: 0 

Optimal solution found (tolerance 1.00e-04)
Best objective 0.000000000000e+00, best bound 0.000000000000e+00, gap 0.0000%

Gurobi 12.0.1 (linux64) logging started Sat Feb  1 11:50:17 2025

Set parameter Username
Set parameter LicenseID to value 2616515
Academic license - for non-commercial use only - expires 2026-01-30
Set parameter Threads to value 1
Gurobi Optimizer version 12.0.1 build v12.0.1rc0 (linux64 - "Ubuntu 22.04.3 LTS")

CPU model: 12th Gen Intel(R) Core(TM) i5-12500, instruction set [SSE2|AVX|AVX2]
Thread count: 6 physical cores, 12 logical processors, using up to 1 threads

Non-default parameters:
Threads  1

Optimize a model with 13 rows, 30 columns and 60 nonzeros
Model fingerprint: 0x71216767
Variable types: 0 continuous, 30 integer (30 binary)
Coefficient statistics:
  Matrix range     [1e+00, 1e+00]
  Objective range  [0e+00, 0e+00]
  Bounds range     [1e+00, 1e+00]
  RHS range        [1e+00, 4e+00]
Found heuristic solution: objective 0.0000000

Explored 0 nodes (0 simplex iterations) in 0.00 seconds (0.00 work units)
Thread count was 1 (of 12 available processors)

Solution count 1: 0 

Optimal solution found (tolerance 1.00e-04)
Best objective 0.000000000000e+00, best bound 0.000000000000e+00, gap 0.0000%

Gurobi 12.0.1 (linux64) logging started Sat Feb  1 11:51:13 2025

Set parameter Username
Set parameter LicenseID to value 2616515
Academic license - for non-commercial use only - expires 2026-01-30
Set parameter Threads to value 1
Gurobi Optimizer version 12.0.1 build v12.0.1rc0 (linux64 - "Ubuntu 22.04.3 LTS")

CPU model: 12th Gen Intel(R) Core(TM) i5-12500, instruction set [SSE2|AVX|AVX2]
Thread count: 6 physical cores, 12 logical processors, using up to 1 threads

Non-default parameters:
Threads  1

Optimize a model with 13 rows, 30 columns and 60 nonzeros
Model fingerprint: 0x71216767
Variable types: 0 continuous, 30 integer (30 binary)
Coefficient statistics:
  Matrix range     [1e+00, 1e+00]
  Objective range  [0e+00, 0e+00]
  Bounds range     [1e+00, 1e+00]
  RHS range        [1e+00, 4e+00]
Found heuristic solution: objective 0.0000000

Explored 0 nodes (0 simplex iterations) in 0.00 seconds (0.00 work units)
Thread count was 1 (of 12 available processors)

Solution count 1: 0 

Optimal solution found (tolerance 1.00e-04)
Best objective 0.000000000000e+00, best bound 0.000000000000e+00, gap 0.0000%

Gurobi 12.0.1 (linux64) logging started Sat Feb  1 15:10:39 2025

Set parameter Username
Set parameter LicenseID to value 2616515
Academic license - for non-commercial use only - expires 2026-01-30
Set parameter Threads to value 1
Gurobi Optimizer version 12.0.1 build v12.0.1rc0 (linux64 - "Ubuntu 22.04.3 LTS")

CPU model: 12th Gen Intel(R) Core(TM) i5-12500, instruction set [SSE2|AVX|AVX2]
Thread count: 6 physical cores, 12 logical processors, using up to 1 threads

Non-default parameters:
Threads  1

Optimize a model with 13 rows, 30 columns and 60 nonzeros
Model fingerprint: 0x71216767
Variable types: 0 continuous, 30 integer (30 binary)
Coefficient statistics:
  Matrix range     [1e+00, 1e+00]
  Objective range  [0e+00, 0e+00]
  Bounds range     [1e+00, 1e+00]
  RHS range        [1e+00, 4e+00]
Found heuristic solution: objective 0.0000000

Explored 0 nodes (0 simplex iterations) in 0.00 seconds (0.00 work units)
Thread count was 1 (of 12 available processors)

Solution count 1: 0 

Optimal solution found (tolerance 1.00e-04)
Best objective 0.000000000000e+00, best bound 0.000000000000e+00, gap 0.0000%

Gurobi 12.0.1 (linux64) logging started Sat Feb  1 15:10:46 2025

Set parameter Username
Set parameter LicenseID to value 2616515
Academic license - for non-commercial use only - expires 2026-01-30
Set parameter Threads to value 1
Gurobi Optimizer version 12.0.1 build v12.0.1rc0 (linux64 - "Ubuntu 22.04.3 LTS")

CPU model: 12th Gen Intel(R) Core(TM) i5-12500, instruction set [SSE2|AVX|AVX2]
Thread count: 6 physical cores, 12 logical processors, using up to 1 threads

Non-default parameters:
Threads  1

Optimize a model with 13 rows, 30 columns and 60 nonzeros
Model fingerprint: 0x71216767
Variable types: 0 continuous, 30 integer (30 binary)
Coefficient statistics:
  Matrix range     [1e+00, 1e+00]
  Objective range  [0e+00, 0e+00]
  Bounds range     [1e+00, 1e+00]
  RHS range        [1e+00, 4e+00]
Found heuristic solution: objective 0.0000000

Explored 0 nodes (0 simplex iterations) in 0.00 seconds (0.00 work units)
Thread count was 1 (of 12 available processors)

Solution count 1: 0 

Optimal solution found (tolerance 1.00e-04)
Best objective 0.000000000000e+00, best bound 0.000000000000e+00, gap 0.0000%

Gurobi 12.0.1 (linux64) logging started Sat Feb  1 15:14:58 2025

Set parameter Username
Set parameter LicenseID to value 2616515
Academic license - for non-commercial use only - expires 2026-01-30
Set parameter Threads to value 1
Gurobi Optimizer version 12.0.1 build v12.0.1rc0 (linux64 - "Ubuntu 22.04.3 LTS")

CPU model: 12th Gen Intel(R) Core(TM) i5-12500, instruction set [SSE2|AVX|AVX2]
Thread count: 6 physical cores, 12 logical processors, using up to 1 threads

Non-default parameters:
Threads  1

Optimize a model with 13 rows, 30 columns and 60 nonzeros
Model fingerprint: 0x71216767
Variable types: 0 continuous, 30 integer (30 binary)
Coefficient statistics:
  Matrix range     [1e+00, 1e+00]
  Objective range  [0e+00, 0e+00]
  Bounds range     [1e+00, 1e+00]
  RHS range        [1e+00, 4e+00]
Found heuristic solution: objective 0.0000000

Explored 0 nodes (0 simplex iterations) in 0.00 seconds (0.00 work units)
Thread count was 1 (of 12 available processors)

Solution count 1: 0 

Optimal solution found (tolerance 1.00e-04)
Best objective 0.000000000000e+00, best bound 0.000000000000e+00, gap 0.0000%

Gurobi 12.0.1 (linux64) logging started Sat Feb  1 15:15:15 2025

Set parameter Username
Set parameter LicenseID to value 2616515
Academic license - for non-commercial use only - expires 2026-01-30
Set parameter Threads to value 1
Gurobi Optimizer version 12.0.1 build v12.0.1rc0 (linux64 - "Ubuntu 22.04.3 LTS")

CPU model: 12th Gen Intel(R) Core(TM) i5-12500, instruction set [SSE2|AVX|AVX2]
Thread count: 6 physical cores, 12 logical processors, using up to 1 threads

Non-default parameters:
Threads  1

Optimize a model with 13 rows, 30 columns and 60 nonzeros
Model fingerprint: 0x71216767
Variable types: 0 continuous, 30 integer (30 binary)
Coefficient statistics:
  Matrix range     [1e+00, 1e+00]
  Objective range  [0e+00, 0e+00]
  Bounds range     [1e+00, 1e+00]
  RHS range        [1e+00, 4e+00]
Found heuristic solution: objective 0.0000000

Explored 0 nodes (0 simplex iterations) in 0.00 seconds (0.00 work units)
Thread count was 1 (of 12 available processors)

Solution count 1: 0 

Optimal solution found (tolerance 1.00e-04)
Best objective 0.000000000000e+00, best bound 0.000000000000e+00, gap 0.0000%

Gurobi 12.0.1 (linux64) logging started Sat Feb  1 15:19:01 2025

Set parameter Username
Set parameter LicenseID to value 2616515
Academic license - for non-commercial use only - expires 2026-01-30
Set parameter Threads to value 1
Gurobi Optimizer version 12.0.1 build v12.0.1rc0 (linux64 - "Ubuntu 22.04.3 LTS")

CPU model: 12th Gen Intel(R) Core(TM) i5-12500, instruction set [SSE2|AVX|AVX2]
Thread count: 6 physical cores, 12 logical processors, using up to 1 threads

Non-default parameters:
Threads  1

Optimize a model with 13 rows, 30 columns and 60 nonzeros
Model fingerprint: 0x71216767
Variable types: 0 continuous, 30 integer (30 binary)
Coefficient statistics:
  Matrix range     [1e+00, 1e+00]
  Objective range  [0e+00, 0e+00]
  Bounds range     [1e+00, 1e+00]
  RHS range        [1e+00, 4e+00]
Found heuristic solution: objective 0.0000000

Explored 0 nodes (0 simplex iterations) in 0.00 seconds (0.00 work units)
Thread count was 1 (of 12 available processors)

Solution count 1: 0 

Optimal solution found (tolerance 1.00e-04)
Best objective 0.000000000000e+00, best bound 0.000000000000e+00, gap 0.0000%

Gurobi 12.0.1 (linux64) logging started Sat Feb  1 15:19:24 2025

Set parameter Username
Set parameter LicenseID to value 2616515
Academic license - for non-commercial use only - expires 2026-01-30
Set parameter Threads to value 1
Gurobi Optimizer version 12.0.1 build v12.0.1rc0 (linux64 - "Ubuntu 22.04.3 LTS")

CPU model: 12th Gen Intel(R) Core(TM) i5-12500, instruction set [SSE2|AVX|AVX2]
Thread count: 6 physical cores, 12 logical processors, using up to 1 threads

Non-default parameters:
Threads  1

Optimize a model with 13 rows, 30 columns and 60 nonzeros
Model fingerprint: 0x71216767
Variable types: 0 continuous, 30 integer (30 binary)
Coefficient statistics:
  Matrix range     [1e+00, 1e+00]
  Objective range  [0e+00, 0e+00]
  Bounds range     [1e+00, 1e+00]
  RHS range        [1e+00, 4e+00]
Found heuristic solution: objective 0.0000000

Explored 0 nodes (0 simplex iterations) in 0.00 seconds (0.00 work units)
Thread count was 1 (of 12 available processors)

Solution count 1: 0 

Optimal solution found (tolerance 1.00e-04)
Best objective 0.000000000000e+00, best bound 0.000000000000e+00, gap 0.0000%

Gurobi 12.0.1 (linux64) logging started Sat Feb  1 15:20:03 2025

Set parameter Username
Set parameter LicenseID to value 2616515
Academic license - for non-commercial use only - expires 2026-01-30
Set parameter Threads to value 1
Gurobi Optimizer version 12.0.1 build v12.0.1rc0 (linux64 - "Ubuntu 22.04.3 LTS")

CPU model: 12th Gen Intel(R) Core(TM) i5-12500, instruction set [SSE2|AVX|AVX2]
Thread count: 6 physical cores, 12 logical processors, using up to 1 threads

Non-default parameters:
Threads  1

Optimize a model with 13 rows, 30 columns and 60 nonzeros
Model fingerprint: 0x71216767
Variable types: 0 continuous, 30 integer (30 binary)
Coefficient statistics:
  Matrix range     [1e+00, 1e+00]
  Objective range  [0e+00, 0e+00]
  Bounds range     [1e+00, 1e+00]
  RHS range        [1e+00, 4e+00]
Found heuristic solution: objective 0.0000000

Explored 0 nodes (0 simplex iterations) in 0.00 seconds (0.00 work units)
Thread count was 1 (of 12 available processors)

Solution count 1: 0 

Optimal solution found (tolerance 1.00e-04)
Best objective 0.000000000000e+00, best bound 0.000000000000e+00, gap 0.0000%

Gurobi 12.0.1 (linux64) logging started Sat Feb  1 15:20:49 2025

Set parameter Username
Set parameter LicenseID to value 2616515
Academic license - for non-commercial use only - expires 2026-01-30
Set parameter Threads to value 1
Gurobi Optimizer version 12.0.1 build v12.0.1rc0 (linux64 - "Ubuntu 22.04.3 LTS")

CPU model: 12th Gen Intel(R) Core(TM) i5-12500, instruction set [SSE2|AVX|AVX2]
Thread count: 6 physical cores, 12 logical processors, using up to 1 threads

Non-default parameters:
Threads  1

Optimize a model with 13 rows, 30 columns and 60 nonzeros
Model fingerprint: 0x71216767
Variable types: 0 continuous, 30 integer (30 binary)
Coefficient statistics:
  Matrix range     [1e+00, 1e+00]
  Objective range  [0e+00, 0e+00]
  Bounds range     [1e+00, 1e+00]
  RHS range        [1e+00, 4e+00]
Found heuristic solution: objective 0.0000000

Explored 0 nodes (0 simplex iterations) in 0.00 seconds (0.00 work units)
Thread count was 1 (of 12 available processors)

Solution count 1: 0 

Optimal solution found (tolerance 1.00e-04)
Best objective 0.000000000000e+00, best bound 0.000000000000e+00, gap 0.0000%

Gurobi 12.0.1 (linux64) logging started Sat Feb  1 15:20:58 2025

Set parameter Username
Set parameter LicenseID to value 2616515
Academic license - for non-commercial use only - expires 2026-01-30
Set parameter Threads to value 1
Gurobi Optimizer version 12.0.1 build v12.0.1rc0 (linux64 - "Ubuntu 22.04.3 LTS")

CPU model: 12th Gen Intel(R) Core(TM) i5-12500, instruction set [SSE2|AVX|AVX2]
Thread count: 6 physical cores, 12 logical processors, using up to 1 threads

Non-default parameters:
Threads  1

Optimize a model with 13 rows, 30 columns and 60 nonzeros
Model fingerprint: 0x71216767
Variable types: 0 continuous, 30 integer (30 binary)
Coefficient statistics:
  Matrix range     [1e+00, 1e+00]
  Objective range  [0e+00, 0e+00]
  Bounds range     [1e+00, 1e+00]
  RHS range        [1e+00, 4e+00]
Found heuristic solution: objective 0.0000000

Explored 0 nodes (0 simplex iterations) in 0.00 seconds (0.00 work units)
Thread count was 1 (of 12 available processors)

Solution count 1: 0 

Optimal solution found (tolerance 1.00e-04)
Best objective 0.000000000000e+00, best bound 0.000000000000e+00, gap 0.0000%

Gurobi 12.0.1 (linux64) logging started Sat Feb  1 15:22:41 2025

Set parameter Username
Set parameter LicenseID to value 2616515
Academic license - for non-commercial use only - expires 2026-01-30
Set parameter Threads to value 1
Gurobi Optimizer version 12.0.1 build v12.0.1rc0 (linux64 - "Ubuntu 22.04.3 LTS")

CPU model: 12th Gen Intel(R) Core(TM) i5-12500, instruction set [SSE2|AVX|AVX2]
Thread count: 6 physical cores, 12 logical processors, using up to 1 threads

Non-default parameters:
Threads  1

Optimize a model with 13 rows, 30 columns and 60 nonzeros
Model fingerprint: 0x71216767
Variable types: 0 continuous, 30 integer (30 binary)
Coefficient statistics:
  Matrix range     [1e+00, 1e+00]
  Objective range  [0e+00, 0e+00]
  Bounds range     [1e+00, 1e+00]
  RHS range        [1e+00, 4e+00]
Found heuristic solution: objective 0.0000000

Explored 0 nodes (0 simplex iterations) in 0.00 seconds (0.00 work units)
Thread count was 1 (of 12 available processors)

Solution count 1: 0 

Optimal solution found (tolerance 1.00e-04)
Best objective 0.000000000000e+00, best bound 0.000000000000e+00, gap 0.0000%

Gurobi 12.0.1 (linux64) logging started Sat Feb  1 15:23:05 2025

Set parameter Username
Set parameter LicenseID to value 2616515
Academic license - for non-commercial use only - expires 2026-01-30
Set parameter Threads to value 1
Gurobi Optimizer version 12.0.1 build v12.0.1rc0 (linux64 - "Ubuntu 22.04.3 LTS")

CPU model: 12th Gen Intel(R) Core(TM) i5-12500, instruction set [SSE2|AVX|AVX2]
Thread count: 6 physical cores, 12 logical processors, using up to 1 threads

Non-default parameters:
Threads  1

Optimize a model with 13 rows, 30 columns and 60 nonzeros
Model fingerprint: 0x71216767
Variable types: 0 continuous, 30 integer (30 binary)
Coefficient statistics:
  Matrix range     [1e+00, 1e+00]
  Objective range  [0e+00, 0e+00]
  Bounds range     [1e+00, 1e+00]
  RHS range        [1e+00, 4e+00]
Found heuristic solution: objective 0.0000000

Explored 0 nodes (0 simplex iterations) in 0.00 seconds (0.00 work units)
Thread count was 1 (of 12 available processors)

Solution count 1: 0 

Optimal solution found (tolerance 1.00e-04)
Best objective 0.000000000000e+00, best bound 0.000000000000e+00, gap 0.0000%

Gurobi 12.0.1 (linux64) logging started Sat Feb  1 15:23:21 2025

Set parameter Username
Set parameter LicenseID to value 2616515
Academic license - for non-commercial use only - expires 2026-01-30
Gurobi Optimizer version 12.0.1 build v12.0.1rc0 (linux64 - "Ubuntu 22.04.3 LTS")

CPU model: 12th Gen Intel(R) Core(TM) i5-12500, instruction set [SSE2|AVX|AVX2]
Thread count: 6 physical cores, 12 logical processors, using up to 12 threads

Optimize a model with 7 rows, 10 columns and 20 nonzeros
Model fingerprint: 0x88eb7e83
Variable types: 0 continuous, 10 integer (10 binary)
Coefficient statistics:
  Matrix range     [1e+00, 9e+00]
  Objective range  [3e+00, 1e+01]
  Bounds range     [1e+00, 1e+00]
  RHS range        [1e+00, 2e+01]
Found heuristic solution: objective 30.0000000
Presolve time: 0.00s
Presolved: 7 rows, 10 columns, 20 nonzeros
Variable types: 0 continuous, 10 integer (10 binary)

Root relaxation: cutoff, 0 iterations, 0.00 seconds (0.00 work units)

Explored 1 nodes (0 simplex iterations) in 0.01 seconds (0.00 work units)
Thread count was 12 (of 12 available processors)

Solution count 1: 30 

Optimal solution found (tolerance 1.00e-04)
Best objective 3.000000000000e+01, best bound 3.000000000000e+01, gap 0.0000%

Gurobi 12.0.1 (linux64) logging started Sat Feb  1 16:29:40 2025

Set parameter Username
Set parameter LicenseID to value 2616515
Academic license - for non-commercial use only - expires 2026-01-30
Gurobi Optimizer version 12.0.1 build v12.0.1rc0 (linux64 - "Ubuntu 22.04.3 LTS")

CPU model: 12th Gen Intel(R) Core(TM) i5-12500, instruction set [SSE2|AVX|AVX2]
Thread count: 6 physical cores, 12 logical processors, using up to 12 threads

Optimize a model with 7 rows, 10 columns and 20 nonzeros
Model fingerprint: 0x88eb7e83
Variable types: 0 continuous, 10 integer (10 binary)
Coefficient statistics:
  Matrix range     [1e+00, 9e+00]
  Objective range  [3e+00, 1e+01]
  Bounds range     [1e+00, 1e+00]
  RHS range        [1e+00, 2e+01]
Found heuristic solution: objective 30.0000000
Presolve time: 0.01s
Presolved: 7 rows, 10 columns, 20 nonzeros
Variable types: 0 continuous, 10 integer (10 binary)

Root relaxation: cutoff, 0 iterations, 0.00 seconds (0.00 work units)

Explored 1 nodes (0 simplex iterations) in 0.01 seconds (0.00 work units)
Thread count was 12 (of 12 available processors)

Solution count 1: 30 

Optimal solution found (tolerance 1.00e-04)
Best objective 3.000000000000e+01, best bound 3.000000000000e+01, gap 0.0000%

Gurobi 12.0.1 (linux64) logging started Sat Feb  1 19:55:48 2025

Set parameter Username
Set parameter LicenseID to value 2616515
Academic license - for non-commercial use only - expires 2026-01-30
Gurobi Optimizer version 12.0.1 build v12.0.1rc0 (linux64 - "Ubuntu 22.04.3 LTS")

CPU model: 12th Gen Intel(R) Core(TM) i5-12500, instruction set [SSE2|AVX|AVX2]
Thread count: 6 physical cores, 12 logical processors, using up to 12 threads

Optimize a model with 7 rows, 10 columns and 20 nonzeros
Model fingerprint: 0xd1ef7344
Variable types: 0 continuous, 10 integer (10 binary)
Coefficient statistics:
  Matrix range     [1e+00, 1e+00]
  Objective range  [3e+00, 1e+01]
  Bounds range     [1e+00, 1e+00]
  RHS range        [1e+00, 2e+01]
Found heuristic solution: objective 30.0000000
Presolve removed 7 rows and 10 columns
Presolve time: 0.01s
Presolve: All rows and columns removed

Explored 0 nodes (0 simplex iterations) in 0.01 seconds (0.00 work units)
Thread count was 1 (of 12 available processors)

Solution count 1: 30 

Optimal solution found (tolerance 1.00e-04)
Best objective 3.000000000000e+01, best bound 3.000000000000e+01, gap 0.0000%

Gurobi 12.0.1 (linux64) logging started Sat Feb  1 19:59:52 2025

Set parameter Username
Set parameter LicenseID to value 2616515
Academic license - for non-commercial use only - expires 2026-01-30
Gurobi Optimizer version 12.0.1 build v12.0.1rc0 (linux64 - "Ubuntu 22.04.3 LTS")

CPU model: 12th Gen Intel(R) Core(TM) i5-12500, instruction set [SSE2|AVX|AVX2]
Thread count: 6 physical cores, 12 logical processors, using up to 12 threads

Optimize a model with 7 rows, 10 columns and 20 nonzeros
Model fingerprint: 0xd1ef7344
Variable types: 0 continuous, 10 integer (10 binary)
Coefficient statistics:
  Matrix range     [1e+00, 1e+00]
  Objective range  [3e+00, 1e+01]
  Bounds range     [1e+00, 1e+00]
  RHS range        [1e+00, 2e+01]
Found heuristic solution: objective 30.0000000
Presolve removed 7 rows and 10 columns
Presolve time: 0.00s
Presolve: All rows and columns removed

Explored 0 nodes (0 simplex iterations) in 0.00 seconds (0.00 work units)
Thread count was 1 (of 12 available processors)

Solution count 1: 30 

Optimal solution found (tolerance 1.00e-04)
Best objective 3.000000000000e+01, best bound 3.000000000000e+01, gap 0.0000%

Gurobi 12.0.1 (linux64) logging started Sat Feb  1 20:00:57 2025

Set parameter Username
Set parameter LicenseID to value 2616515
Academic license - for non-commercial use only - expires 2026-01-30
Gurobi Optimizer version 12.0.1 build v12.0.1rc0 (linux64 - "Ubuntu 22.04.3 LTS")

CPU model: 12th Gen Intel(R) Core(TM) i5-12500, instruction set [SSE2|AVX|AVX2]
Thread count: 6 physical cores, 12 logical processors, using up to 12 threads

Optimize a model with 7 rows, 10 columns and 20 nonzeros
Model fingerprint: 0xd1ef7344
Variable types: 0 continuous, 10 integer (10 binary)
Coefficient statistics:
  Matrix range     [1e+00, 1e+00]
  Objective range  [3e+00, 1e+01]
  Bounds range     [1e+00, 1e+00]
  RHS range        [1e+00, 2e+01]
Found heuristic solution: objective 30.0000000
Presolve removed 7 rows and 10 columns
Presolve time: 0.00s
Presolve: All rows and columns removed

Explored 0 nodes (0 simplex iterations) in 0.00 seconds (0.00 work units)
Thread count was 1 (of 12 available processors)

Solution count 1: 30 

Optimal solution found (tolerance 1.00e-04)
Best objective 3.000000000000e+01, best bound 3.000000000000e+01, gap 0.0000%

Gurobi 12.0.1 (linux64) logging started Sat Feb  1 20:01:28 2025

Set parameter Username
Set parameter LicenseID to value 2616515
Academic license - for non-commercial use only - expires 2026-01-30
Gurobi Optimizer version 12.0.1 build v12.0.1rc0 (linux64 - "Ubuntu 22.04.3 LTS")

CPU model: 12th Gen Intel(R) Core(TM) i5-12500, instruction set [SSE2|AVX|AVX2]
Thread count: 6 physical cores, 12 logical processors, using up to 12 threads

Optimize a model with 7 rows, 10 columns and 20 nonzeros
Model fingerprint: 0xd1ef7344
Variable types: 0 continuous, 10 integer (10 binary)
Coefficient statistics:
  Matrix range     [1e+00, 1e+00]
  Objective range  [3e+00, 1e+01]
  Bounds range     [1e+00, 1e+00]
  RHS range        [1e+00, 2e+01]
Found heuristic solution: objective 30.0000000
Presolve removed 7 rows and 10 columns
Presolve time: 0.00s
Presolve: All rows and columns removed

Explored 0 nodes (0 simplex iterations) in 0.00 seconds (0.00 work units)
Thread count was 1 (of 12 available processors)

Solution count 1: 30 

Optimal solution found (tolerance 1.00e-04)
Best objective 3.000000000000e+01, best bound 3.000000000000e+01, gap 0.0000%

Gurobi 12.0.1 (linux64) logging started Sat Feb  1 20:01:40 2025

Set parameter Username
Set parameter LicenseID to value 2616515
Academic license - for non-commercial use only - expires 2026-01-30
Gurobi Optimizer version 12.0.1 build v12.0.1rc0 (linux64 - "Ubuntu 22.04.3 LTS")

CPU model: 12th Gen Intel(R) Core(TM) i5-12500, instruction set [SSE2|AVX|AVX2]
Thread count: 6 physical cores, 12 logical processors, using up to 12 threads

Optimize a model with 7 rows, 10 columns and 20 nonzeros
Model fingerprint: 0xd1ef7344
Variable types: 0 continuous, 10 integer (10 binary)
Coefficient statistics:
  Matrix range     [1e+00, 1e+00]
  Objective range  [3e+00, 1e+01]
  Bounds range     [1e+00, 1e+00]
  RHS range        [1e+00, 2e+01]
Found heuristic solution: objective 30.0000000
Presolve removed 7 rows and 10 columns
Presolve time: 0.00s
Presolve: All rows and columns removed

Explored 0 nodes (0 simplex iterations) in 0.00 seconds (0.00 work units)
Thread count was 1 (of 12 available processors)

Solution count 1: 30 

Optimal solution found (tolerance 1.00e-04)
Best objective 3.000000000000e+01, best bound 3.000000000000e+01, gap 0.0000%

Gurobi 12.0.1 (linux64) logging started Sat Feb  1 20:02:34 2025

Set parameter Username
Set parameter LicenseID to value 2616515
Academic license - for non-commercial use only - expires 2026-01-30
Gurobi Optimizer version 12.0.1 build v12.0.1rc0 (linux64 - "Ubuntu 22.04.3 LTS")

CPU model: 12th Gen Intel(R) Core(TM) i5-12500, instruction set [SSE2|AVX|AVX2]
Thread count: 6 physical cores, 12 logical processors, using up to 12 threads

Optimize a model with 7 rows, 10 columns and 20 nonzeros
Model fingerprint: 0xd1ef7344
Variable types: 0 continuous, 10 integer (10 binary)
Coefficient statistics:
  Matrix range     [1e+00, 1e+00]
  Objective range  [3e+00, 1e+01]
  Bounds range     [1e+00, 1e+00]
  RHS range        [1e+00, 2e+01]
Found heuristic solution: objective 30.0000000
Presolve removed 7 rows and 10 columns
Presolve time: 0.00s
Presolve: All rows and columns removed

Explored 0 nodes (0 simplex iterations) in 0.00 seconds (0.00 work units)
Thread count was 1 (of 12 available processors)

Solution count 1: 30 

Optimal solution found (tolerance 1.00e-04)
Best objective 3.000000000000e+01, best bound 3.000000000000e+01, gap 0.0000%

Gurobi 12.0.1 (linux64) logging started Sat Feb  1 20:03:27 2025

Set parameter Username
Set parameter LicenseID to value 2616515
Academic license - for non-commercial use only - expires 2026-01-30
Gurobi Optimizer version 12.0.1 build v12.0.1rc0 (linux64 - "Ubuntu 22.04.3 LTS")

CPU model: 12th Gen Intel(R) Core(TM) i5-12500, instruction set [SSE2|AVX|AVX2]
Thread count: 6 physical cores, 12 logical processors, using up to 12 threads

Optimize a model with 7 rows, 10 columns and 20 nonzeros
Model fingerprint: 0xd1ef7344
Variable types: 0 continuous, 10 integer (10 binary)
Coefficient statistics:
  Matrix range     [1e+00, 1e+00]
  Objective range  [3e+00, 1e+01]
  Bounds range     [1e+00, 1e+00]
  RHS range        [1e+00, 2e+01]
Found heuristic solution: objective 30.0000000
Presolve removed 7 rows and 10 columns
Presolve time: 0.00s
Presolve: All rows and columns removed

Explored 0 nodes (0 simplex iterations) in 0.00 seconds (0.00 work units)
Thread count was 1 (of 12 available processors)

Solution count 1: 30 

Optimal solution found (tolerance 1.00e-04)
Best objective 3.000000000000e+01, best bound 3.000000000000e+01, gap 0.0000%

Gurobi 12.0.1 (linux64) logging started Sat Feb  1 20:08:01 2025

Set parameter Username
Set parameter LicenseID to value 2616515
Academic license - for non-commercial use only - expires 2026-01-30
Gurobi Optimizer version 12.0.1 build v12.0.1rc0 (linux64 - "Ubuntu 22.04.3 LTS")

CPU model: 12th Gen Intel(R) Core(TM) i5-12500, instruction set [SSE2|AVX|AVX2]
Thread count: 6 physical cores, 12 logical processors, using up to 12 threads

Optimize a model with 7 rows, 10 columns and 20 nonzeros
Model fingerprint: 0xd1ef7344
Variable types: 0 continuous, 10 integer (10 binary)
Coefficient statistics:
  Matrix range     [1e+00, 1e+00]
  Objective range  [3e+00, 1e+01]
  Bounds range     [1e+00, 1e+00]
  RHS range        [1e+00, 2e+01]
Found heuristic solution: objective 30.0000000
Presolve removed 7 rows and 10 columns
Presolve time: 0.00s
Presolve: All rows and columns removed

Explored 0 nodes (0 simplex iterations) in 0.00 seconds (0.00 work units)
Thread count was 1 (of 12 available processors)

Solution count 1: 30 

Optimal solution found (tolerance 1.00e-04)
Best objective 3.000000000000e+01, best bound 3.000000000000e+01, gap 0.0000%

Gurobi 12.0.1 (linux64) logging started Sat Feb  1 20:08:18 2025

Set parameter Username
Set parameter LicenseID to value 2616515
Academic license - for non-commercial use only - expires 2026-01-30
Gurobi Optimizer version 12.0.1 build v12.0.1rc0 (linux64 - "Ubuntu 22.04.3 LTS")

CPU model: 12th Gen Intel(R) Core(TM) i5-12500, instruction set [SSE2|AVX|AVX2]
Thread count: 6 physical cores, 12 logical processors, using up to 12 threads

Optimize a model with 7 rows, 10 columns and 20 nonzeros
Model fingerprint: 0xd1ef7344
Variable types: 0 continuous, 10 integer (10 binary)
Coefficient statistics:
  Matrix range     [1e+00, 1e+00]
  Objective range  [3e+00, 1e+01]
  Bounds range     [1e+00, 1e+00]
  RHS range        [1e+00, 2e+01]
Found heuristic solution: objective 30.0000000
Presolve removed 7 rows and 10 columns
Presolve time: 0.00s
Presolve: All rows and columns removed

Explored 0 nodes (0 simplex iterations) in 0.00 seconds (0.00 work units)
Thread count was 1 (of 12 available processors)

Solution count 1: 30 

Optimal solution found (tolerance 1.00e-04)
Best objective 3.000000000000e+01, best bound 3.000000000000e+01, gap 0.0000%

Gurobi 12.0.1 (linux64) logging started Sat Feb  1 20:09:07 2025

Set parameter Username
Set parameter LicenseID to value 2616515
Academic license - for non-commercial use only - expires 2026-01-30
Gurobi Optimizer version 12.0.1 build v12.0.1rc0 (linux64 - "Ubuntu 22.04.3 LTS")

CPU model: 12th Gen Intel(R) Core(TM) i5-12500, instruction set [SSE2|AVX|AVX2]
Thread count: 6 physical cores, 12 logical processors, using up to 12 threads

Optimize a model with 7 rows, 10 columns and 20 nonzeros
Model fingerprint: 0xd1ef7344
Variable types: 0 continuous, 10 integer (10 binary)
Coefficient statistics:
  Matrix range     [1e+00, 1e+00]
  Objective range  [3e+00, 1e+01]
  Bounds range     [1e+00, 1e+00]
  RHS range        [1e+00, 2e+01]
Found heuristic solution: objective 30.0000000
Presolve removed 7 rows and 10 columns
Presolve time: 0.00s
Presolve: All rows and columns removed

Explored 0 nodes (0 simplex iterations) in 0.00 seconds (0.00 work units)
Thread count was 1 (of 12 available processors)

Solution count 1: 30 

Optimal solution found (tolerance 1.00e-04)
Best objective 3.000000000000e+01, best bound 3.000000000000e+01, gap 0.0000%

Gurobi 12.0.1 (linux64) logging started Sat Feb  1 20:10:30 2025

Set parameter Username
Set parameter LicenseID to value 2616515
Academic license - for non-commercial use only - expires 2026-01-30
Gurobi Optimizer version 12.0.1 build v12.0.1rc0 (linux64 - "Ubuntu 22.04.3 LTS")

CPU model: 12th Gen Intel(R) Core(TM) i5-12500, instruction set [SSE2|AVX|AVX2]
Thread count: 6 physical cores, 12 logical processors, using up to 12 threads

Optimize a model with 7 rows, 10 columns and 20 nonzeros
Model fingerprint: 0xd1ef7344
Variable types: 0 continuous, 10 integer (10 binary)
Coefficient statistics:
  Matrix range     [1e+00, 1e+00]
  Objective range  [3e+00, 1e+01]
  Bounds range     [1e+00, 1e+00]
  RHS range        [1e+00, 2e+01]
Found heuristic solution: objective 30.0000000
Presolve removed 7 rows and 10 columns
Presolve time: 0.00s
Presolve: All rows and columns removed

Explored 0 nodes (0 simplex iterations) in 0.00 seconds (0.00 work units)
Thread count was 1 (of 12 available processors)

Solution count 1: 30 

Optimal solution found (tolerance 1.00e-04)
Best objective 3.000000000000e+01, best bound 3.000000000000e+01, gap 0.0000%

Gurobi 12.0.1 (linux64) logging started Sat Feb  1 20:11:17 2025

Set parameter Username
Set parameter LicenseID to value 2616515
Academic license - for non-commercial use only - expires 2026-01-30
Gurobi Optimizer version 12.0.1 build v12.0.1rc0 (linux64 - "Ubuntu 22.04.3 LTS")

CPU model: 12th Gen Intel(R) Core(TM) i5-12500, instruction set [SSE2|AVX|AVX2]
Thread count: 6 physical cores, 12 logical processors, using up to 12 threads

Optimize a model with 7 rows, 10 columns and 20 nonzeros
Model fingerprint: 0xd1ef7344
Variable types: 0 continuous, 10 integer (10 binary)
Coefficient statistics:
  Matrix range     [1e+00, 1e+00]
  Objective range  [3e+00, 1e+01]
  Bounds range     [1e+00, 1e+00]
  RHS range        [1e+00, 2e+01]
Found heuristic solution: objective 30.0000000
Presolve removed 7 rows and 10 columns
Presolve time: 0.00s
Presolve: All rows and columns removed

Explored 0 nodes (0 simplex iterations) in 0.00 seconds (0.00 work units)
Thread count was 1 (of 12 available processors)

Solution count 1: 30 

Optimal solution found (tolerance 1.00e-04)
Best objective 3.000000000000e+01, best bound 3.000000000000e+01, gap 0.0000%

Gurobi 12.0.1 (linux64) logging started Sat Feb  1 20:38:13 2025

Set parameter Username
Set parameter LicenseID to value 2616515
Academic license - for non-commercial use only - expires 2026-01-30
Gurobi Optimizer version 12.0.1 build v12.0.1rc0 (linux64 - "Ubuntu 22.04.3 LTS")

CPU model: 12th Gen Intel(R) Core(TM) i5-12500, instruction set [SSE2|AVX|AVX2]
Thread count: 6 physical cores, 12 logical processors, using up to 12 threads

Optimize a model with 7 rows, 10 columns and 20 nonzeros
Model fingerprint: 0xd1ef7344
Variable types: 0 continuous, 10 integer (10 binary)
Coefficient statistics:
  Matrix range     [1e+00, 1e+00]
  Objective range  [3e+00, 1e+01]
  Bounds range     [1e+00, 1e+00]
  RHS range        [1e+00, 2e+01]
Found heuristic solution: objective 30.0000000
Presolve removed 7 rows and 10 columns
Presolve time: 0.01s
Presolve: All rows and columns removed

Explored 0 nodes (0 simplex iterations) in 0.01 seconds (0.00 work units)
Thread count was 1 (of 12 available processors)

Solution count 1: 30 

Optimal solution found (tolerance 1.00e-04)
Best objective 3.000000000000e+01, best bound 3.000000000000e+01, gap 0.0000%

Gurobi 12.0.1 (linux64) logging started Sat Feb  1 20:38:34 2025

Set parameter Username
Set parameter LicenseID to value 2616515
Academic license - for non-commercial use only - expires 2026-01-30
Gurobi Optimizer version 12.0.1 build v12.0.1rc0 (linux64 - "Ubuntu 22.04.3 LTS")

CPU model: 12th Gen Intel(R) Core(TM) i5-12500, instruction set [SSE2|AVX|AVX2]
Thread count: 6 physical cores, 12 logical processors, using up to 12 threads

Optimize a model with 7 rows, 10 columns and 20 nonzeros
Model fingerprint: 0xc717e9eb
Variable types: 0 continuous, 10 integer (10 binary)
Coefficient statistics:
  Matrix range     [1e+00, 1e+00]
  Objective range  [3e+00, 1e+01]
  Bounds range     [1e+00, 1e+00]
  RHS range        [1e+00, 2e+00]
Found heuristic solution: objective 12.0000000
Presolve time: 0.00s
Presolved: 7 rows, 10 columns, 20 nonzeros
Variable types: 0 continuous, 10 integer (10 binary)

Root relaxation: objective 2.300000e+01, 4 iterations, 0.00 seconds (0.00 work units)

    Nodes    |    Current Node    |     Objective Bounds      |     Work
 Expl Unexpl |  Obj  Depth IntInf | Incumbent    BestBd   Gap | It/Node Time

*    0     0               0      23.0000000   23.00000  0.00%     -    0s

Explored 1 nodes (4 simplex iterations) in 0.01 seconds (0.00 work units)
Thread count was 12 (of 12 available processors)

Solution count 2: 23 12 

Optimal solution found (tolerance 1.00e-04)
Best objective 2.300000000000e+01, best bound 2.300000000000e+01, gap 0.0000%

Gurobi 12.0.1 (linux64) logging started Sat Feb  1 20:52:20 2025

Set parameter Username
Set parameter LicenseID to value 2616515
Academic license - for non-commercial use only - expires 2026-01-30
Gurobi Optimizer version 12.0.1 build v12.0.1rc0 (linux64 - "Ubuntu 22.04.3 LTS")

CPU model: 12th Gen Intel(R) Core(TM) i5-12500, instruction set [SSE2|AVX|AVX2]
Thread count: 6 physical cores, 12 logical processors, using up to 12 threads

Optimize a model with 7 rows, 10 columns and 20 nonzeros
Model fingerprint: 0xfd2162e1
Variable types: 0 continuous, 10 integer (10 binary)
Coefficient statistics:
  Matrix range     [1e+00, 8e+00]
  Objective range  [2e+00, 1e+01]
  Bounds range     [1e+00, 1e+00]
  RHS range        [1e+00, 2e+00]
Found heuristic solution: objective -0.0000000
Presolve removed 7 rows and 10 columns
Presolve time: 0.01s
Presolve: All rows and columns removed

Explored 0 nodes (0 simplex iterations) in 0.01 seconds (0.00 work units)
Thread count was 1 (of 12 available processors)

Solution count 1: -0 
No other solutions better than -0

Optimal solution found (tolerance 1.00e-04)
Best objective -0.000000000000e+00, best bound -0.000000000000e+00, gap 0.0000%

Gurobi 12.0.1 (linux64) logging started Sat Feb  1 20:58:04 2025

Set parameter Username
Set parameter LicenseID to value 2616515
Academic license - for non-commercial use only - expires 2026-01-30
Gurobi Optimizer version 12.0.1 build v12.0.1rc0 (linux64 - "Ubuntu 22.04.3 LTS")

CPU model: 12th Gen Intel(R) Core(TM) i5-12500, instruction set [SSE2|AVX|AVX2]
Thread count: 6 physical cores, 12 logical processors, using up to 12 threads

Optimize a model with 7 rows, 10 columns and 20 nonzeros
Model fingerprint: 0xfd2162e1
Variable types: 0 continuous, 10 integer (10 binary)
Coefficient statistics:
  Matrix range     [1e+00, 8e+00]
  Objective range  [2e+00, 1e+01]
  Bounds range     [1e+00, 1e+00]
  RHS range        [1e+00, 2e+00]
Found heuristic solution: objective -0.0000000
Presolve removed 7 rows and 10 columns
Presolve time: 0.01s
Presolve: All rows and columns removed

Explored 0 nodes (0 simplex iterations) in 0.01 seconds (0.00 work units)
Thread count was 1 (of 12 available processors)

Solution count 1: -0 
No other solutions better than -0

Optimal solution found (tolerance 1.00e-04)
Best objective -0.000000000000e+00, best bound -0.000000000000e+00, gap 0.0000%

Gurobi 12.0.1 (linux64) logging started Sat Feb  1 20:58:48 2025

Set parameter Username
Set parameter LicenseID to value 2616515
Academic license - for non-commercial use only - expires 2026-01-30
Gurobi Optimizer version 12.0.1 build v12.0.1rc0 (linux64 - "Ubuntu 22.04.3 LTS")

CPU model: 12th Gen Intel(R) Core(TM) i5-12500, instruction set [SSE2|AVX|AVX2]
Thread count: 6 physical cores, 12 logical processors, using up to 12 threads

Optimize a model with 7 rows, 10 columns and 20 nonzeros
Model fingerprint: 0xfd2162e1
Variable types: 0 continuous, 10 integer (10 binary)
Coefficient statistics:
  Matrix range     [1e+00, 8e+00]
  Objective range  [2e+00, 1e+01]
  Bounds range     [1e+00, 1e+00]
  RHS range        [1e+00, 2e+00]
Found heuristic solution: objective -0.0000000
Presolve removed 7 rows and 10 columns
Presolve time: 0.00s
Presolve: All rows and columns removed

Explored 0 nodes (0 simplex iterations) in 0.00 seconds (0.00 work units)
Thread count was 1 (of 12 available processors)

Solution count 1: -0 
No other solutions better than -0

Optimal solution found (tolerance 1.00e-04)
Best objective -0.000000000000e+00, best bound -0.000000000000e+00, gap 0.0000%

Gurobi 12.0.1 (linux64) logging started Sat Feb  1 21:00:14 2025

Set parameter Username
Set parameter LicenseID to value 2616515
Academic license - for non-commercial use only - expires 2026-01-30
Gurobi Optimizer version 12.0.1 build v12.0.1rc0 (linux64 - "Ubuntu 22.04.3 LTS")

CPU model: 12th Gen Intel(R) Core(TM) i5-12500, instruction set [SSE2|AVX|AVX2]
Thread count: 6 physical cores, 12 logical processors, using up to 12 threads

Optimize a model with 7 rows, 10 columns and 20 nonzeros
Model fingerprint: 0xe8aa1831
Variable types: 0 continuous, 10 integer (10 binary)
Coefficient statistics:
  Matrix range     [1e+00, 8e+00]
  Objective range  [2e+00, 1e+01]
  Bounds range     [1e+00, 1e+00]
  RHS range        [1e+00, 3e+00]
Presolve removed 0 rows and 10 columns
Presolve time: 0.00s

Explored 0 nodes (0 simplex iterations) in 0.00 seconds (0.00 work units)
Thread count was 1 (of 12 available processors)

Solution count 0
No other solutions better than -1e+100

Model is infeasible
Best objective -, best bound -, gap -

Gurobi 12.0.1 (linux64) logging started Sat Feb  1 21:00:34 2025

Set parameter Username
Set parameter LicenseID to value 2616515
Academic license - for non-commercial use only - expires 2026-01-30
Gurobi Optimizer version 12.0.1 build v12.0.1rc0 (linux64 - "Ubuntu 22.04.3 LTS")

CPU model: 12th Gen Intel(R) Core(TM) i5-12500, instruction set [SSE2|AVX|AVX2]
Thread count: 6 physical cores, 12 logical processors, using up to 12 threads

Optimize a model with 7 rows, 10 columns and 20 nonzeros
Model fingerprint: 0x1b7d38d5
Variable types: 0 continuous, 10 integer (10 binary)
Coefficient statistics:
  Matrix range     [1e+00, 1e+00]
  Objective range  [2e+00, 1e+01]
  Bounds range     [1e+00, 1e+00]
  RHS range        [1e+00, 3e+00]
Presolve removed 7 rows and 10 columns
Presolve time: 0.00s
Presolve: All rows and columns removed

Explored 0 nodes (0 simplex iterations) in 0.00 seconds (0.00 work units)
Thread count was 1 (of 12 available processors)

Solution count 1: 28 

Optimal solution found (tolerance 1.00e-04)
Best objective 2.800000000000e+01, best bound 2.800000000000e+01, gap 0.0000%

Gurobi 12.0.1 (linux64) logging started Sat Feb  1 21:00:50 2025

Set parameter Username
Set parameter LicenseID to value 2616515
Academic license - for non-commercial use only - expires 2026-01-30
Gurobi Optimizer version 12.0.1 build v12.0.1rc0 (linux64 - "Ubuntu 22.04.3 LTS")

CPU model: 12th Gen Intel(R) Core(TM) i5-12500, instruction set [SSE2|AVX|AVX2]
Thread count: 6 physical cores, 12 logical processors, using up to 12 threads

Optimize a model with 7 rows, 10 columns and 20 nonzeros
Model fingerprint: 0x8e9af834
Variable types: 0 continuous, 10 integer (10 binary)
Coefficient statistics:
  Matrix range     [1e+00, 1e+00]
  Objective range  [2e+00, 1e+01]
  Bounds range     [1e+00, 1e+00]
  RHS range        [1e+00, 3e+00]
Found heuristic solution: objective 28.0000000
Presolve time: 0.00s
Presolved: 7 rows, 10 columns, 20 nonzeros
Variable types: 0 continuous, 10 integer (10 binary)

Root relaxation: cutoff, 0 iterations, 0.00 seconds (0.00 work units)

Explored 1 nodes (0 simplex iterations) in 0.00 seconds (0.00 work units)
Thread count was 12 (of 12 available processors)

Solution count 1: 28 

Optimal solution found (tolerance 1.00e-04)
Best objective 2.800000000000e+01, best bound 2.800000000000e+01, gap 0.0000%

Gurobi 12.0.1 (linux64) logging started Sat Feb  1 21:01:24 2025

Set parameter Username
Set parameter LicenseID to value 2616515
Academic license - for non-commercial use only - expires 2026-01-30
Gurobi Optimizer version 12.0.1 build v12.0.1rc0 (linux64 - "Ubuntu 22.04.3 LTS")

CPU model: 12th Gen Intel(R) Core(TM) i5-12500, instruction set [SSE2|AVX|AVX2]
Thread count: 6 physical cores, 12 logical processors, using up to 12 threads

Optimize a model with 7 rows, 10 columns and 20 nonzeros
Model fingerprint: 0x42e304e5
Variable types: 0 continuous, 10 integer (10 binary)
Coefficient statistics:
  Matrix range     [1e+00, 1e+00]
  Objective range  [2e+00, 1e+01]
  Bounds range     [1e+00, 1e+00]
  RHS range        [1e+00, 2e+00]
Found heuristic solution: objective 18.0000000
Presolve time: 0.00s
Presolved: 7 rows, 10 columns, 20 nonzeros
Variable types: 0 continuous, 10 integer (10 binary)

Root relaxation: objective 2.600000e+01, 3 iterations, 0.00 seconds (0.00 work units)

    Nodes    |    Current Node    |     Objective Bounds      |     Work
 Expl Unexpl |  Obj  Depth IntInf | Incumbent    BestBd   Gap | It/Node Time

*    0     0               0      26.0000000   26.00000  0.00%     -    0s

Explored 1 nodes (3 simplex iterations) in 0.00 seconds (0.00 work units)
Thread count was 12 (of 12 available processors)

Solution count 2: 26 18 

Optimal solution found (tolerance 1.00e-04)
Best objective 2.600000000000e+01, best bound 2.600000000000e+01, gap 0.0000%

Gurobi 12.0.1 (linux64) logging started Sat Feb  1 21:03:12 2025

Set parameter Username
Set parameter LicenseID to value 2616515
Academic license - for non-commercial use only - expires 2026-01-30
Gurobi Optimizer version 12.0.1 build v12.0.1rc0 (linux64 - "Ubuntu 22.04.3 LTS")

CPU model: 12th Gen Intel(R) Core(TM) i5-12500, instruction set [SSE2|AVX|AVX2]
Thread count: 6 physical cores, 12 logical processors, using up to 12 threads

Optimize a model with 7 rows, 10 columns and 20 nonzeros
Model fingerprint: 0x42e304e5
Variable types: 0 continuous, 10 integer (10 binary)
Coefficient statistics:
  Matrix range     [1e+00, 1e+00]
  Objective range  [2e+00, 1e+01]
  Bounds range     [1e+00, 1e+00]
  RHS range        [1e+00, 2e+00]
Found heuristic solution: objective 18.0000000
Presolve time: 0.00s
Presolved: 7 rows, 10 columns, 20 nonzeros
Variable types: 0 continuous, 10 integer (10 binary)

Root relaxation: objective 2.600000e+01, 3 iterations, 0.00 seconds (0.00 work units)

    Nodes    |    Current Node    |     Objective Bounds      |     Work
 Expl Unexpl |  Obj  Depth IntInf | Incumbent    BestBd   Gap | It/Node Time

*    0     0               0      26.0000000   26.00000  0.00%     -    0s

Explored 1 nodes (3 simplex iterations) in 0.00 seconds (0.00 work units)
Thread count was 12 (of 12 available processors)

Solution count 2: 26 18 

Optimal solution found (tolerance 1.00e-04)
Best objective 2.600000000000e+01, best bound 2.600000000000e+01, gap 0.0000%
