Alpha 1.0
Beta 5.0
Gamma 5.0
Lambda 1.0
DieSize 0.0 0.0 3000.0 3000.0
NumInput 120
Input PIN1 515.0 1785.0
Input PIN3 2085.0 2750.0
Input PIN5 490.0 1620.0
Input PIN7 160.0 1265.0
Input PIN9 1900.0 620.0
Input PIN11 1080.0 2330.0
Input PIN13 305.0 305.0
Input PIN15 1630.0 845.0
Input PIN17 185.0 2205.0
Input PIN19 670.0 1220.0
Input PIN21 175.0 1220.0
Input PIN23 2460.0 1105.0
Input PIN25 1585.0 1075.0
Input PIN27 2180.0 2415.0
Input PIN29 1350.0 1315.0
Input PIN31 1495.0 1285.0
Input PIN33 2890.0 795.0
Input PIN35 375.0 165.0
Input PIN37 2790.0 760.0
Input PIN39 100.0 2065.0
Input PIN41 85.0 450.0
Input PIN43 2100.0 1245.0
Input PIN45 2245.0 765.0
Input PIN47 1050.0 775.0
Input PIN49 475.0 960.0
Input PIN51 760.0 970.0
Input PIN53 280.0 1435.0
Input PIN55 725.0 1235.0
Input PIN57 470.0 780.0
Input PIN59 2320.0 2025.0
Input PIN61 590.0 485.0
Input PIN63 1375.0 2240.0
Input PIN65 1590.0 1950.0
Input PIN67 1040.0 195.0
Input PIN69 715.0 415.0
Input PIN71 2445.0 705.0
Input PIN73 2160.0 2165.0
Input PIN75 1070.0 580.0
Input PIN77 2670.0 470.0
Input PIN79 965.0 2570.0
Input PIN81 510.0 1030.0
Input PIN83 1925.0 1990.0
Input PIN85 2175.0 675.0
Input PIN87 250.0 375.0
Input PIN89 2245.0 965.0
Input PIN91 1495.0 2525.0
Input PIN93 845.0 1630.0
Input PIN95 265.0 1645.0
Input PIN97 110.0 125.0
Input PIN99 825.0 910.0
Input PIN101 1445.0 725.0
Input PIN103 2030.0 420.0
Input PIN105 1815.0 1645.0
Input PIN107 1125.0 840.0
Input PIN109 1560.0 960.0
Input PIN111 1035.0 2160.0
Input PIN113 2820.0 1210.0
Input PIN115 2905.0 2760.0
Input PIN117 1550.0 1225.0
Input PIN119 595.0 1665.0
Input PIN121 1800.0 465.0
Input PIN123 1950.0 2040.0
Input PIN125 1045.0 2820.0
Input PIN127 620.0 1755.0
Input PIN129 935.0 255.0
Input PIN131 420.0 2285.0
Input PIN133 1955.0 1625.0
Input PIN135 105.0 2810.0
Input PIN137 160.0 10.0
Input PIN139 2165.0 325.0
Input PIN141 385.0 1810.0
Input PIN143 1965.0 950.0
Input PIN145 1930.0 1620.0
Input PIN147 2120.0 890.0
Input PIN149 1765.0 955.0
Input PIN151 225.0 650.0
Input PIN153 1860.0 1995.0
Input PIN155 1360.0 1100.0
Input PIN157 2510.0 2070.0
Input PIN159 955.0 135.0
Input PIN161 880.0 450.0
Input PIN163 2190.0 2790.0
Input PIN165 2200.0 2010.0
Input PIN167 2000.0 985.0
Input PIN169 755.0 570.0
Input PIN171 695.0 2060.0
Input PIN173 2480.0 2150.0
Input PIN175 2330.0 1300.0
Input PIN177 2880.0 1875.0
Input PIN179 1805.0 780.0
Input PIN181 1515.0 1690.0
Input PIN183 1570.0 410.0
Input PIN185 2215.0 1370.0
Input PIN187 525.0 1895.0
Input PIN189 450.0 1025.0
Input PIN191 1555.0 1830.0
Input PIN193 265.0 2795.0
Input PIN195 1460.0 2010.0
Input PIN197 1375.0 715.0
Input PIN199 735.0 190.0
Input PIN201 1855.0 550.0
Input PIN203 1110.0 1840.0
Input PIN205 480.0 1090.0
Input PIN207 325.0 1475.0
Input PIN209 1775.0 2550.0
Input PIN211 805.0 2445.0
Input PIN213 1200.0 2105.0
Input PIN215 80.0 2610.0
Input PIN217 1195.0 645.0
Input PIN219 420.0 2185.0
Input PIN221 690.0 5.0
Input PIN223 1705.0 980.0
Input PIN225 1295.0 2265.0
Input PIN227 835.0 1875.0
Input PIN229 590.0 140.0
Input PIN231 1770.0 2015.0
Input PIN233 2840.0 2910.0
Input PIN235 2285.0 2110.0
Input PIN237 1695.0 1365.0
Input PIN239 1120.0 530.0
NumOutput 120
Output PIN2 485.0 2085.0
Output PIN4 2035.0 2960.0
Output PIN6 480.0 1605.0
Output PIN8 235.0 1260.0
Output PIN10 1930.0 275.0
Output PIN12 1410.0 2080.0
Output PIN14 835.0 390.0
Output PIN16 1565.0 1395.0
Output PIN18 205.0 2465.0
Output PIN20 515.0 870.0
Output PIN22 135.0 1270.0
Output PIN24 2815.0 1170.0
Output PIN26 1940.0 1170.0
Output PIN28 1900.0 2335.0
Output PIN30 1385.0 1465.0
Output PIN32 1900.0 1170.0
Output PIN34 2810.0 720.0
Output PIN36 75.0 225.0
Output PIN38 2810.0 820.0
Output PIN40 255.0 2025.0
Output PIN42 350.0 485.0
Output PIN44 1770.0 1475.0
Output PIN46 2255.0 530.0
Output PIN48 900.0 890.0
Output PIN50 450.0 1545.0
Output PIN52 415.0 155.0
Output PIN54 255.0 1180.0
Output PIN56 930.0 750.0
Output PIN58 135.0 470.0
Output PIN60 2345.0 2220.0
Output PIN62 320.0 395.0
Output PIN64 1510.0 2205.0
Output PIN66 1585.0 1840.0
Output PIN68 1020.0 885.0
Output PIN70 580.0 20.0
Output PIN72 2310.0 1055.0
Output PIN74 1980.0 2235.0
Output PIN76 1295.0 405.0
Output PIN78 2690.0 810.0
Output PIN80 685.0 2265.0
Output PIN82 155.0 935.0
Output PIN84 2005.0 2430.0
Output PIN86 2420.0 840.0
Output PIN88 495.0 55.0
Output PIN90 1745.0 1025.0
Output PIN92 1675.0 2565.0
Output PIN94 960.0 1770.0
Output PIN96 355.0 1855.0
Output PIN98 165.0 390.0
Output PIN100 1035.0 1010.0
Output PIN102 1545.0 730.0
Output PIN104 1960.0 855.0
Output PIN106 1965.0 1650.0
Output PIN108 945.0 415.0
Output PIN110 1625.0 1325.0
Output PIN112 1105.0 2380.0
Output PIN114 2755.0 930.0
Output PIN116 2890.0 2455.0
Output PIN118 1225.0 1480.0
Output PIN120 650.0 1715.0
Output PIN122 1755.0 400.0
Output PIN124 1980.0 1375.0
Output PIN126 440.0 2445.0
Output PIN128 1035.0 1350.0
Output PIN130 1150.0 175.0
Output PIN132 420.0 2130.0
Output PIN134 1865.0 1470.0
Output PIN136 235.0 2875.0
Output PIN138 140.0 275.0
Output PIN140 2300.0 445.0
Output PIN142 255.0 1760.0
Output PIN144 2125.0 1015.0
Output PIN146 2350.0 1405.0
Output PIN148 2320.0 1125.0
Output PIN150 1570.0 1125.0
Output PIN152 75.0 210.0
Output PIN154 1865.0 2380.0
Output PIN156 1120.0 1265.0
Output PIN158 2185.0 1945.0
Output PIN160 1130.0 485.0
Output PIN162 735.0 185.0
Output PIN164 2160.0 2800.0
Output PIN166 2220.0 1860.0
Output PIN168 1980.0 970.0
Output PIN170 865.0 620.0
Output PIN172 580.0 2280.0
Output PIN174 2895.0 2310.0
Output PIN176 2285.0 1365.0
Output PIN178 2575.0 1905.0
Output PIN180 1705.0 380.0
Output PIN182 1575.0 1580.0
Output PIN184 1790.0 555.0
Output PIN186 2045.0 1430.0
Output PIN188 650.0 1880.0
Output PIN190 445.0 1160.0
Output PIN192 1550.0 1870.0
Output PIN194 195.0 2540.0
Output PIN196 1195.0 1895.0
Output PIN198 1370.0 1260.0
Output PIN200 750.0 5.0
Output PIN202 2170.0 650.0
Output PIN204 1420.0 1520.0
Output PIN206 640.0 875.0
Output PIN208 265.0 1470.0
Output PIN210 1805.0 2970.0
Output PIN212 1340.0 1850.0
Output PIN214 1025.0 2245.0
Output PIN216 475.0 2830.0
Output PIN218 1215.0 900.0
Output PIN220 445.0 2300.0
Output PIN222 235.0 45.0
Output PIN224 1375.0 950.0
Output PIN226 1370.0 2325.0
Output PIN228 980.0 1350.0
Output PIN230 810.0 125.0
Output PIN232 1790.0 2020.0
Output PIN234 2910.0 2735.0
Output PIN236 2295.0 2180.0
Output PIN238 1535.0 1665.0
Output PIN240 960.0 480.0
FlipFlop 1 FF1 10.0 10.0 2
Pin D0 0.0 5.0
Pin Q0 10.0 5.0
FlipFlop 2 FF2 13.856406460551018 13.856406460551018 4
Pin D0 0.0 6.928203230275509
Pin Q0 13.856406460551018 6.928203230275509
Pin D1 0.0 6.928203230275509
Pin Q1 13.856406460551018 6.928203230275509
FlipFlop 4 FF4 16.881943016134134 16.881943016134134 8
Pin D0 0.0 8.440971508067067
Pin Q0 16.881943016134134 8.440971508067067
Pin D1 0.0 8.440971508067067
Pin Q1 16.881943016134134 8.440971508067067
Pin D2 0.0 8.440971508067067
Pin Q2 16.881943016134134 8.440971508067067
Pin D3 0.0 8.440971508067067
Pin Q3 16.881943016134134 8.440971508067067
Gate BLOCK1 45.51922670696417 45.51922670696417 2
Pin IN 0.0 22.759613353482084
Pin OUT 45.51922670696417 22.759613353482084
Gate BLOCK2 51.710733895391584 51.710733895391584 2
Pin IN 0.0 25.855366947695792
Pin OUT 51.710733895391584 25.855366947695792
Gate BLOCK3 23.366642891095847 23.366642891095847 2
Pin IN 0.0 11.683321445547923
Pin OUT 23.366642891095847 11.683321445547923
Gate BLOCK4 28.948229652260256 28.948229652260256 2
Pin IN 0.0 14.474114826130128
Pin OUT 28.948229652260256 14.474114826130128
Gate BLOCK5 41.182520563948 41.182520563948 2
Pin IN 0.0 20.591260281974
Pin OUT 41.182520563948 20.591260281974
Gate BLOCK6 45.70557952810576 45.70557952810576 2
Pin IN 0.0 22.85278976405288
Pin OUT 45.70557952810576 22.85278976405288
Gate BLOCK7 34.84250278036869 34.84250278036869 2
Pin IN 0.0 17.421251390184345
Pin OUT 34.84250278036869 17.421251390184345
Gate BLOCK8 31.68595903550972 31.68595903550972 2
Pin IN 0.0 15.84297951775486
Pin OUT 31.68595903550972 15.84297951775486
Gate BLOCK9 47.958315233127195 47.958315233127195 2
Pin IN 0.0 23.979157616563597
Pin OUT 47.958315233127195 23.979157616563597
Gate BLOCK10 35.45419580247167 35.45419580247167 2
Pin IN 0.0 17.727097901235837
Pin OUT 35.45419580247167 17.727097901235837
Gate BLOCK11 32.95451410656816 32.95451410656816 2
Pin IN 0.0 16.47725705328408
Pin OUT 32.95451410656816 16.47725705328408
Gate BLOCK12 18.520259177452136 18.520259177452136 2
Pin IN 0.0 9.260129588726068
Pin OUT 18.520259177452136 9.260129588726068
Gate BLOCK13 11.489125293076057 11.489125293076057 2
Pin IN 0.0 5.744562646538029
Pin OUT 11.489125293076057 5.744562646538029
Gate BLOCK14 14.422205101855956 14.422205101855956 2
Pin IN 0.0 7.211102550927978
Pin OUT 14.422205101855956 7.211102550927978
Gate BLOCK15 48.948953002081666 48.948953002081666 2
Pin IN 0.0 24.474476501040833
Pin OUT 48.948953002081666 24.474476501040833
Gate BLOCK16 47.031904065219386 47.031904065219386 2
Pin IN 0.0 23.515952032609693
Pin OUT 47.031904065219386 23.515952032609693
Gate BLOCK17 46.69047011971501 46.69047011971501 2
Pin IN 0.0 23.345235059857504
Pin OUT 46.69047011971501 23.345235059857504
Gate BLOCK18 20.024984394500787 20.024984394500787 2
Pin IN 0.0 10.012492197250394
Pin OUT 20.024984394500787 10.012492197250394
Gate BLOCK19 15.716233645501712 15.716233645501712 2
Pin IN 0.0 7.858116822750856
Pin OUT 15.716233645501712 7.858116822750856
Gate BLOCK20 54.04627646748664 54.04627646748664 2
Pin IN 0.0 27.02313823374332
Pin OUT 54.04627646748664 27.02313823374332
Gate BLOCK21 49.39635614091387 49.39635614091387 2
Pin IN 0.0 24.698178070456937
Pin OUT 49.39635614091387 24.698178070456937
Gate BLOCK22 20.54263858417414 20.54263858417414 2
Pin IN 0.0 10.27131929208707
Pin OUT 20.54263858417414 10.27131929208707
Gate BLOCK23 33.481338085566414 33.481338085566414 2
Pin IN 0.0 16.740669042783207
Pin OUT 33.481338085566414 16.740669042783207
Gate BLOCK24 34.698703145794944 34.698703145794944 2
Pin IN 0.0 17.349351572897472
Pin OUT 34.698703145794944 17.349351572897472
Gate BLOCK25 53.38539126015655 53.38539126015655 2
Pin IN 0.0 26.692695630078276
Pin OUT 53.38539126015655 26.692695630078276
Gate BLOCK26 13.152946437965905 13.152946437965905 2
Pin IN 0.0 6.576473218982953
Pin OUT 13.152946437965905 6.576473218982953
Gate BLOCK27 39.81205847478876 39.81205847478876 2
Pin IN 0.0 19.90602923739438
Pin OUT 39.81205847478876 19.90602923739438
Gate BLOCK28 45.09988913511872 45.09988913511872 2
Pin IN 0.0 22.54994456755936
Pin OUT 45.09988913511872 22.54994456755936
Gate BLOCK29 35.369478367654786 35.369478367654786 2
Pin IN 0.0 17.684739183827393
Pin OUT 35.369478367654786 17.684739183827393
Gate BLOCK30 40.29888335921977 40.29888335921977 2
Pin IN 0.0 20.149441679609886
Pin OUT 40.29888335921977 20.149441679609886
Gate BLOCK31 31.11269837220809 31.11269837220809 2
Pin IN 0.0 15.556349186104045
Pin OUT 31.11269837220809 15.556349186104045
Gate BLOCK32 32.61901286060018 32.61901286060018 2
Pin IN 0.0 16.30950643030009
Pin OUT 32.61901286060018 16.30950643030009
Gate BLOCK33 50.57667446560717 50.57667446560717 2
Pin IN 0.0 25.288337232803585
Pin OUT 50.57667446560717 25.288337232803585
Gate BLOCK34 23.811761799581316 23.811761799581316 2
Pin IN 0.0 11.905880899790658
Pin OUT 23.811761799581316 11.905880899790658
Gate BLOCK35 40.26164427839479 40.26164427839479 2
Pin IN 0.0 20.130822139197395
Pin OUT 40.26164427839479 20.130822139197395
Gate BLOCK36 48.43552415324934 48.43552415324934 2
Pin IN 0.0 24.21776207662467
Pin OUT 48.43552415324934 24.21776207662467
Gate BLOCK37 48.78524367060187 48.78524367060187 2
Pin IN 0.0 24.392621835300936
Pin OUT 48.78524367060187 24.392621835300936
Gate BLOCK38 27.2213151776324 27.2213151776324 2
Pin IN 0.0 13.6106575888162
Pin OUT 27.2213151776324 13.6106575888162
Gate BLOCK39 53.73081052803875 53.73081052803875 2
Pin IN 0.0 26.865405264019376
Pin OUT 53.73081052803875 26.865405264019376
Gate BLOCK40 26.095976701399778 26.095976701399778 2
Pin IN 0.0 13.047988350699889
Pin OUT 26.095976701399778 13.047988350699889
Gate BLOCK41 47.916594202843754 47.916594202843754 2
Pin IN 0.0 23.958297101421877
Pin OUT 47.916594202843754 23.958297101421877
Gate BLOCK42 44.05678154382138 44.05678154382138 2
Pin IN 0.0 22.02839077191069
Pin OUT 44.05678154382138 22.02839077191069
Gate BLOCK43 54.16641025580336 54.16641025580336 2
Pin IN 0.0 27.08320512790168
Pin OUT 54.16641025580336 27.08320512790168
Gate BLOCK44 47.94788837894741 47.94788837894741 2
Pin IN 0.0 23.973944189473706
Pin OUT 47.94788837894741 23.973944189473706
Gate BLOCK45 40.8166632639171 40.8166632639171 2
Pin IN 0.0 20.40833163195855
Pin OUT 40.8166632639171 20.40833163195855
Gate BLOCK46 42.555845661906424 42.555845661906424 2
Pin IN 0.0 21.277922830953212
Pin OUT 42.555845661906424 21.277922830953212
Gate BLOCK47 51.64300533470143 51.64300533470143 2
Pin IN 0.0 25.821502667350714
Pin OUT 51.64300533470143 25.821502667350714
Gate BLOCK48 17.204650534085253 17.204650534085253 2
Pin IN 0.0 8.602325267042627
Pin OUT 17.204650534085253 8.602325267042627
Gate BLOCK49 49.969990994595946 49.969990994595946 2
Pin IN 0.0 24.984995497297973
Pin OUT 49.969990994595946 24.984995497297973
Gate BLOCK50 45.0 45.0 2
Pin IN 0.0 22.5
Pin OUT 45.0 22.5
Gate BLOCK51 32.41913015489465 32.41913015489465 2
Pin IN 0.0 16.209565077447326
Pin OUT 32.41913015489465 16.209565077447326
Gate BLOCK52 53.81449618829484 53.81449618829484 2
Pin IN 0.0 26.90724809414742
Pin OUT 53.81449618829484 26.90724809414742
Gate BLOCK53 46.08687448721165 46.08687448721165 2
Pin IN 0.0 23.043437243605826
Pin OUT 46.08687448721165 23.043437243605826
Gate BLOCK54 37.080992435478315 37.080992435478315 2
Pin IN 0.0 18.540496217739157
Pin OUT 37.080992435478315 18.540496217739157
Gate BLOCK55 39.88734135035826 39.88734135035826 2
Pin IN 0.0 19.94367067517913
Pin OUT 39.88734135035826 19.94367067517913
Gate BLOCK56 42.44997055358225 42.44997055358225 2
Pin IN 0.0 21.224985276791124
Pin OUT 42.44997055358225 21.224985276791124
Gate BLOCK57 38.379682124790975 38.379682124790975 2
Pin IN 0.0 19.189841062395487
Pin OUT 38.379682124790975 19.189841062395487
Gate BLOCK58 43.197222132910355 43.197222132910355 2
Pin IN 0.0 21.598611066455177
Pin OUT 43.197222132910355 21.598611066455177
Gate BLOCK59 11.874342087037917 11.874342087037917 2
Pin IN 0.0 5.937171043518958
Pin OUT 11.874342087037917 5.937171043518958
Gate BLOCK60 41.30375285612676 41.30375285612676 2
Pin IN 0.0 20.65187642806338
Pin OUT 41.30375285612676 20.65187642806338
Gate BLOCK61 45.639894828976104 45.639894828976104 2
Pin IN 0.0 22.819947414488052
Pin OUT 45.639894828976104 22.819947414488052
Gate BLOCK62 46.95742752749558 46.95742752749558 2
Pin IN 0.0 23.47871376374779
Pin OUT 46.95742752749558 23.47871376374779
Gate BLOCK63 22.15851980616034 22.15851980616034 2
Pin IN 0.0 11.07925990308017
Pin OUT 22.15851980616034 11.07925990308017
Gate BLOCK64 48.12483766206386 48.12483766206386 2
Pin IN 0.0 24.06241883103193
Pin OUT 48.12483766206386 24.06241883103193
Gate BLOCK65 49.678969393496885 49.678969393496885 2
Pin IN 0.0 24.839484696748443
Pin OUT 49.678969393496885 24.839484696748443
Gate BLOCK66 12.68857754044952 12.68857754044952 2
Pin IN 0.0 6.34428877022476
Pin OUT 12.68857754044952 6.34428877022476
Gate BLOCK67 42.1070065428546 42.1070065428546 2
Pin IN 0.0 21.0535032714273
Pin OUT 42.1070065428546 21.0535032714273
Gate BLOCK68 17.4928556845359 17.4928556845359 2
Pin IN 0.0 8.74642784226795
Pin OUT 17.4928556845359 8.74642784226795
Gate BLOCK69 45.628938186199335 45.628938186199335 2
Pin IN 0.0 22.814469093099667
Pin OUT 45.628938186199335 22.814469093099667
Gate BLOCK70 41.50903516103452 41.50903516103452 2
Pin IN 0.0 20.75451758051726
Pin OUT 41.50903516103452 20.75451758051726
Gate BLOCK71 32.526911934581186 32.526911934581186 2
Pin IN 0.0 16.263455967290593
Pin OUT 32.526911934581186 16.263455967290593
Gate BLOCK72 28.653097563788805 28.653097563788805 2
Pin IN 0.0 14.326548781894402
Pin OUT 28.653097563788805 14.326548781894402
Gate BLOCK73 17.549928774784245 17.549928774784245 2
Pin IN 0.0 8.774964387392123
Pin OUT 17.549928774784245 8.774964387392123
Gate BLOCK74 46.45427859734774 46.45427859734774 2
Pin IN 0.0 23.22713929867387
Pin OUT 46.45427859734774 23.22713929867387
Gate BLOCK75 14.422205101855956 14.422205101855956 2
Pin IN 0.0 7.211102550927978
Pin OUT 14.422205101855956 7.211102550927978
Gate BLOCK76 16.217274740226856 16.217274740226856 2
Pin IN 0.0 8.108637370113428
Pin OUT 16.217274740226856 8.108637370113428
Gate BLOCK77 44.78839135311738 44.78839135311738 2
Pin IN 0.0 22.39419567655869
Pin OUT 44.78839135311738 22.39419567655869
Gate BLOCK78 44.8998886412873 44.8998886412873 2
Pin IN 0.0 22.44994432064365
Pin OUT 44.8998886412873 22.44994432064365
Gate BLOCK79 40.8656334834051 40.8656334834051 2
Pin IN 0.0 20.43281674170255
Pin OUT 40.8656334834051 20.43281674170255
Gate BLOCK80 37.456641600656084 37.456641600656084 2
Pin IN 0.0 18.728320800328042
Pin OUT 37.456641600656084 18.728320800328042
Gate BLOCK81 31.0322412983658 31.0322412983658 2
Pin IN 0.0 15.5161206491829
Pin OUT 31.0322412983658 15.5161206491829
Gate BLOCK82 42.8485705712571 42.8485705712571 2
Pin IN 0.0 21.42428528562855
Pin OUT 42.8485705712571 21.42428528562855
Gate BLOCK83 37.17526059088221 37.17526059088221 2
Pin IN 0.0 18.587630295441105
Pin OUT 37.17526059088221 18.587630295441105
Gate BLOCK84 51.507281038703645 51.507281038703645 2
Pin IN 0.0 25.753640519351823
Pin OUT 51.507281038703645 25.753640519351823
Gate BLOCK85 42.43819034784589 42.43819034784589 2
Pin IN 0.0 21.219095173922945
Pin OUT 42.43819034784589 21.219095173922945
Gate BLOCK86 28.809720581775867 28.809720581775867 2
Pin IN 0.0 14.404860290887934
Pin OUT 28.809720581775867 14.404860290887934
Gate BLOCK87 22.956480566497994 22.956480566497994 2
Pin IN 0.0 11.478240283248997
Pin OUT 22.956480566497994 11.478240283248997
Gate BLOCK88 15.748015748023622 15.748015748023622 2
Pin IN 0.0 7.874007874011811
Pin OUT 15.748015748023622 7.874007874011811
Gate BLOCK89 43.45112196480086 43.45112196480086 2
Pin IN 0.0 21.72556098240043
Pin OUT 43.45112196480086 21.72556098240043
Gate BLOCK90 47.97916214358062 47.97916214358062 2
Pin IN 0.0 23.98958107179031
Pin OUT 47.97916214358062 23.98958107179031
Gate BLOCK91 35.9722114972099 35.9722114972099 2
Pin IN 0.0 17.98610574860495
Pin OUT 35.9722114972099 17.98610574860495
Gate BLOCK92 39.87480407475377 39.87480407475377 2
Pin IN 0.0 19.937402037376884
Pin OUT 39.87480407475377 19.937402037376884
Gate BLOCK93 44.710177812216315 44.710177812216315 2
Pin IN 0.0 22.355088906108158
Pin OUT 44.710177812216315 22.355088906108158
Gate BLOCK94 46.551047249229526 46.551047249229526 2
Pin IN 0.0 23.275523624614763
Pin OUT 46.551047249229526 23.275523624614763
Gate BLOCK95 50.35871324805669 50.35871324805669 2
Pin IN 0.0 25.179356624028344
Pin OUT 50.35871324805669 25.179356624028344
Gate BLOCK96 44.474711915874174 44.474711915874174 2
Pin IN 0.0 22.237355957937087
Pin OUT 44.474711915874174 22.237355957937087
Gate BLOCK97 42.02380277890139 42.02380277890139 2
Pin IN 0.0 21.011901389450696
Pin OUT 42.02380277890139 21.011901389450696
Gate BLOCK98 17.72004514666935 17.72004514666935 2
Pin IN 0.0 8.860022573334675
Pin OUT 17.72004514666935 8.860022573334675
Gate BLOCK99 32.72613634390714 32.72613634390714 2
Pin IN 0.0 16.36306817195357
Pin OUT 32.72613634390714 16.36306817195357
Gate BLOCK100 49.56813492557492 49.56813492557492 2
Pin IN 0.0 24.78406746278746
Pin OUT 49.56813492557492 24.78406746278746
Gate BLOCK101 38.3275357934736 38.3275357934736 2
Pin IN 0.0 19.1637678967368
Pin OUT 38.3275357934736 19.1637678967368
Gate BLOCK102 23.173260452512935 23.173260452512935 2
Pin IN 0.0 11.586630226256467
Pin OUT 23.173260452512935 11.586630226256467
Gate BLOCK103 22.715633383201094 22.715633383201094 2
Pin IN 0.0 11.357816691600547
Pin OUT 22.715633383201094 11.357816691600547
Gate BLOCK104 51.32250968142536 51.32250968142536 2
Pin IN 0.0 25.66125484071268
Pin OUT 51.32250968142536 25.66125484071268
Gate BLOCK105 23.979157616563597 23.979157616563597 2
Pin IN 0.0 11.989578808281799
Pin OUT 23.979157616563597 11.989578808281799
Gate BLOCK106 28.687976575562104 28.687976575562104 2
Pin IN 0.0 14.343988287781052
Pin OUT 28.687976575562104 14.343988287781052
Gate BLOCK107 30.659419433511783 30.659419433511783 2
Pin IN 0.0 15.329709716755891
Pin OUT 30.659419433511783 15.329709716755891
Gate BLOCK108 16.492422502470642 16.492422502470642 2
Pin IN 0.0 8.246211251235321
Pin OUT 16.492422502470642 8.246211251235321
Gate BLOCK109 23.473389188611005 23.473389188611005 2
Pin IN 0.0 11.736694594305503
Pin OUT 23.473389188611005 11.736694594305503
Gate BLOCK110 22.045407685048602 22.045407685048602 2
Pin IN 0.0 11.022703842524301
Pin OUT 22.045407685048602 11.022703842524301
Gate BLOCK111 11.445523142259598 11.445523142259598 2
Pin IN 0.0 5.722761571129799
Pin OUT 11.445523142259598 5.722761571129799
Gate BLOCK112 13.74772708486752 13.74772708486752 2
Pin IN 0.0 6.87386354243376
Pin OUT 13.74772708486752 6.87386354243376
Gate BLOCK113 29.597297173897484 29.597297173897484 2
Pin IN 0.0 14.798648586948742
Pin OUT 29.597297173897484 14.798648586948742
Gate BLOCK114 47.085029467974216 47.085029467974216 2
Pin IN 0.0 23.542514733987108
Pin OUT 47.085029467974216 23.542514733987108
Gate BLOCK115 47.45524207081869 47.45524207081869 2
Pin IN 0.0 23.727621035409346
Pin OUT 47.45524207081869 23.727621035409346
Gate BLOCK116 50.61620293937506 50.61620293937506 2
Pin IN 0.0 25.30810146968753
Pin OUT 50.61620293937506 25.30810146968753
Gate BLOCK117 45.332107826572546 45.332107826572546 2
Pin IN 0.0 22.666053913286273
Pin OUT 45.332107826572546 22.666053913286273
Gate BLOCK118 42.0 42.0 2
Pin IN 0.0 21.0
Pin OUT 42.0 21.0
Gate BLOCK119 28.42534080710379 28.42534080710379 2
Pin IN 0.0 14.212670403551895
Pin OUT 28.42534080710379 14.212670403551895
Gate BLOCK120 50.52722038663912 50.52722038663912 2
Pin IN 0.0 25.26361019331956
Pin OUT 50.52722038663912 25.26361019331956
Gate BLOCK121 47.50789408087881 47.50789408087881 2
Pin IN 0.0 23.753947040439407
Pin OUT 47.50789408087881 23.753947040439407
Gate BLOCK122 34.87119154832539 34.87119154832539 2
Pin IN 0.0 17.435595774162696
Pin OUT 34.87119154832539 17.435595774162696
Gate BLOCK123 13.96424004376894 13.96424004376894 2
Pin IN 0.0 6.98212002188447
Pin OUT 13.96424004376894 6.98212002188447
Gate BLOCK124 23.173260452512935 23.173260452512935 2
Pin IN 0.0 11.586630226256467
Pin OUT 23.173260452512935 11.586630226256467
Gate BLOCK125 30.659419433511783 30.659419433511783 2
Pin IN 0.0 15.329709716755891
Pin OUT 30.659419433511783 15.329709716755891
Gate BLOCK126 54.120236510939236 54.120236510939236 2
Pin IN 0.0 27.060118255469618
Pin OUT 54.120236510939236 27.060118255469618
Gate BLOCK127 35.93048844644336 35.93048844644336 2
Pin IN 0.0 17.96524422322168
Pin OUT 35.93048844644336 17.96524422322168
Gate BLOCK128 20.12461179749811 20.12461179749811 2
Pin IN 0.0 10.062305898749054
Pin OUT 20.12461179749811 10.062305898749054
Gate BLOCK129 44.51965857910413 44.51965857910413 2
Pin IN 0.0 22.259829289552066
Pin OUT 44.51965857910413 22.259829289552066
Gate BLOCK130 27.964262908219126 27.964262908219126 2
Pin IN 0.0 13.982131454109563
Pin OUT 27.964262908219126 13.982131454109563
Gate BLOCK131 38.600518131237564 38.600518131237564 2
Pin IN 0.0 19.300259065618782
Pin OUT 38.600518131237564 19.300259065618782
Gate BLOCK132 11.269427669584644 11.269427669584644 2
Pin IN 0.0 5.634713834792322
Pin OUT 11.269427669584644 5.634713834792322
Gate BLOCK133 38.897300677553446 38.897300677553446 2
Pin IN 0.0 19.448650338776723
Pin OUT 38.897300677553446 19.448650338776723
Gate BLOCK134 32.64965543462902 32.64965543462902 2
Pin IN 0.0 16.32482771731451
Pin OUT 32.64965543462902 16.32482771731451
Gate BLOCK135 16.852299546352718 16.852299546352718 2
Pin IN 0.0 8.426149773176359
Pin OUT 16.852299546352718 8.426149773176359
Gate BLOCK136 43.68065933568311 43.68065933568311 2
Pin IN 0.0 21.840329667841555
Pin OUT 43.68065933568311 21.840329667841555
Gate BLOCK137 29.206163733020468 29.206163733020468 2
Pin IN 0.0 14.603081866510234
Pin OUT 29.206163733020468 14.603081866510234
Gate BLOCK138 50.78385570237849 50.78385570237849 2
Pin IN 0.0 25.391927851189244
Pin OUT 50.78385570237849 25.391927851189244
Gate BLOCK139 42.0 42.0 2
Pin IN 0.0 21.0
Pin OUT 42.0 21.0
Gate BLOCK140 27.367864366808018 27.367864366808018 2
Pin IN 0.0 13.683932183404009
Pin OUT 27.367864366808018 13.683932183404009
Gate BLOCK141 29.698484809834994 29.698484809834994 2
Pin IN 0.0 14.849242404917497
Pin OUT 29.698484809834994 14.849242404917497
Gate BLOCK142 44.955533585978046 44.955533585978046 2
Pin IN 0.0 22.477766792989023
Pin OUT 44.955533585978046 22.477766792989023
Gate BLOCK143 33.406586176980134 33.406586176980134 2
Pin IN 0.0 16.703293088490067
Pin OUT 33.406586176980134 16.703293088490067
Gate BLOCK144 36.180105030251084 36.180105030251084 2
Pin IN 0.0 18.090052515125542
Pin OUT 36.180105030251084 18.090052515125542
Gate BLOCK145 47.89572005931219 47.89572005931219 2
Pin IN 0.0 23.947860029656095
Pin OUT 47.89572005931219 23.947860029656095
Gate BLOCK146 23.2163735324878 23.2163735324878 2
Pin IN 0.0 11.6081867662439
Pin OUT 23.2163735324878 11.6081867662439
Gate BLOCK147 20.29778313018444 20.29778313018444 2
Pin IN 0.0 10.14889156509222
Pin OUT 20.29778313018444 10.14889156509222
Gate BLOCK148 22.60530911091463 22.60530911091463 2
Pin IN 0.0 11.302654555457314
Pin OUT 22.60530911091463 11.302654555457314
Gate BLOCK149 34.785054261852174 34.785054261852174 2
Pin IN 0.0 17.392527130926087
Pin OUT 34.785054261852174 17.392527130926087
Gate BLOCK150 48.507731342539614 48.507731342539614 2
Pin IN 0.0 24.253865671269807
Pin OUT 48.507731342539614 24.253865671269807
Gate BLOCK151 53.95368384086484 53.95368384086484 2
Pin IN 0.0 26.97684192043242
Pin OUT 53.95368384086484 26.97684192043242
Gate BLOCK152 41.15823125451335 41.15823125451335 2
Pin IN 0.0 20.579115627256677
Pin OUT 41.15823125451335 20.579115627256677
Gate BLOCK153 20.92844953645635 20.92844953645635 2
Pin IN 0.0 10.464224768228174
Pin OUT 20.92844953645635 10.464224768228174
Gate BLOCK154 37.469987990390386 37.469987990390386 2
Pin IN 0.0 18.734993995195193
Pin OUT 37.469987990390386 18.734993995195193
Gate BLOCK155 39.6232255123179 39.6232255123179 2
Pin IN 0.0 19.81161275615895
Pin OUT 39.6232255123179 19.81161275615895
Gate BLOCK156 37.05401462729781 37.05401462729781 2
Pin IN 0.0 18.527007313648905
Pin OUT 37.05401462729781 18.527007313648905
Gate BLOCK157 51.34199061197374 51.34199061197374 2
Pin IN 0.0 25.67099530598687
Pin OUT 51.34199061197374 25.67099530598687
Gate BLOCK158 52.687759489277965 52.687759489277965 2
Pin IN 0.0 26.343879744638983
Pin OUT 52.687759489277965 26.343879744638983
Gate BLOCK159 46.593991028886975 46.593991028886975 2
Pin IN 0.0 23.296995514443488
Pin OUT 46.593991028886975 23.296995514443488
Gate BLOCK160 48.54894437575342 48.54894437575342 2
Pin IN 0.0 24.27447218787671
Pin OUT 48.54894437575342 24.27447218787671
Gate BLOCK161 50.51732376126036 50.51732376126036 2
Pin IN 0.0 25.25866188063018
Pin OUT 50.51732376126036 25.25866188063018
Gate BLOCK162 46.861498055439924 46.861498055439924 2
Pin IN 0.0 23.430749027719962
Pin OUT 46.861498055439924 23.430749027719962
Gate BLOCK163 19.131126469708992 19.131126469708992 2
Pin IN 0.0 9.565563234854496
Pin OUT 19.131126469708992 9.565563234854496
Gate BLOCK164 39.81205847478876 39.81205847478876 2
Pin IN 0.0 19.90602923739438
Pin OUT 39.81205847478876 19.90602923739438
Gate BLOCK165 45.56314299957807 45.56314299957807 2
Pin IN 0.0 22.781571499789035
Pin OUT 45.56314299957807 22.781571499789035
Gate BLOCK166 40.22437072223753 40.22437072223753 2
Pin IN 0.0 20.112185361118765
Pin OUT 40.22437072223753 20.112185361118765
Gate BLOCK167 34.336569426778794 34.336569426778794 2
Pin IN 0.0 17.168284713389397
Pin OUT 34.336569426778794 17.168284713389397
Gate BLOCK168 54.735728733616035 54.735728733616035 2
Pin IN 0.0 27.367864366808018
Pin OUT 54.735728733616035 27.367864366808018
Gate BLOCK169 50.39841267341661 50.39841267341661 2
Pin IN 0.0 25.199206336708304
Pin OUT 50.39841267341661 25.199206336708304
Gate BLOCK170 42.40283009422838 42.40283009422838 2
Pin IN 0.0 21.20141504711419
Pin OUT 42.40283009422838 21.20141504711419
Gate BLOCK171 10.954451150103322 10.954451150103322 2
Pin IN 0.0 5.477225575051661
Pin OUT 10.954451150103322 5.477225575051661
Gate BLOCK172 48.75448697299562 48.75448697299562 2
Pin IN 0.0 24.37724348649781
Pin OUT 48.75448697299562 24.37724348649781
Gate BLOCK173 52.25897052181568 52.25897052181568 2
Pin IN 0.0 26.12948526090784
Pin OUT 52.25897052181568 26.12948526090784
Gate BLOCK174 14.247806848775006 14.247806848775006 2
Pin IN 0.0 7.123903424387503
Pin OUT 14.247806848775006 7.123903424387503
Gate BLOCK175 40.27406113120453 40.27406113120453 2
Pin IN 0.0 20.137030565602267
Pin OUT 40.27406113120453 20.137030565602267
Gate BLOCK176 53.028294334251406 53.028294334251406 2
Pin IN 0.0 26.514147167125703
Pin OUT 53.028294334251406 26.514147167125703
Gate BLOCK177 35.014282800023196 35.014282800023196 2
Pin IN 0.0 17.507141400011598
Pin OUT 35.014282800023196 17.507141400011598
Gate BLOCK178 36.851051545376556 36.851051545376556 2
Pin IN 0.0 18.425525772688278
Pin OUT 36.851051545376556 18.425525772688278
Gate BLOCK179 26.77685567799177 26.77685567799177 2
Pin IN 0.0 13.388427838995884
Pin OUT 26.77685567799177 13.388427838995884
Gate BLOCK180 47.83304297240559 47.83304297240559 2
Pin IN 0.0 23.916521486202797
Pin OUT 47.83304297240559 23.916521486202797
Gate BLOCK181 44.04543109109048 44.04543109109048 2
Pin IN 0.0 22.02271554554524
Pin OUT 44.04543109109048 22.02271554554524
Gate BLOCK182 39.52214569073901 39.52214569073901 2
Pin IN 0.0 19.761072845369505
Pin OUT 39.52214569073901 19.761072845369505
Gate BLOCK183 33.71943060017473 33.71943060017473 2
Pin IN 0.0 16.859715300087366
Pin OUT 33.71943060017473 16.859715300087366
Gate BLOCK184 53.178943201233324 53.178943201233324 2
Pin IN 0.0 26.589471600616662
Pin OUT 53.178943201233324 26.589471600616662
Gate BLOCK185 36.959437225152655 36.959437225152655 2
Pin IN 0.0 18.479718612576328
Pin OUT 36.959437225152655 18.479718612576328
Gate BLOCK186 34.26368339802363 34.26368339802363 2
Pin IN 0.0 17.131841699011815
Pin OUT 34.26368339802363 17.131841699011815
Gate BLOCK187 45.803929962395145 45.803929962395145 2
Pin IN 0.0 22.901964981197573
Pin OUT 45.803929962395145 22.901964981197573
Gate BLOCK188 49.16299421312742 49.16299421312742 2
Pin IN 0.0 24.58149710656371
Pin OUT 49.16299421312742 24.58149710656371
Gate BLOCK189 21.330729007701542 21.330729007701542 2
Pin IN 0.0 10.665364503850771
Pin OUT 21.330729007701542 10.665364503850771
Gate BLOCK190 32.155870381627054 32.155870381627054 2
Pin IN 0.0 16.077935190813527
Pin OUT 32.155870381627054 16.077935190813527
Gate BLOCK191 30.822070014844883 30.822070014844883 2
Pin IN 0.0 15.411035007422441
Pin OUT 30.822070014844883 15.411035007422441
Gate BLOCK192 29.949958263743873 29.949958263743873 2
Pin IN 0.0 14.974979131871937
Pin OUT 29.949958263743873 14.974979131871937
Gate BLOCK193 53.178943201233324 53.178943201233324 2
Pin IN 0.0 26.589471600616662
Pin OUT 53.178943201233324 26.589471600616662
Gate BLOCK194 37.05401462729781 37.05401462729781 2
Pin IN 0.0 18.527007313648905
Pin OUT 37.05401462729781 18.527007313648905
Gate BLOCK195 33.27160951922825 33.27160951922825 2
Pin IN 0.0 16.635804759614125
Pin OUT 33.27160951922825 16.635804759614125
Gate BLOCK196 36.64696440361739 36.64696440361739 2
Pin IN 0.0 18.323482201808694
Pin OUT 36.64696440361739 18.323482201808694
Gate BLOCK197 33.95585369269929 33.95585369269929 2
Pin IN 0.0 16.977926846349646
Pin OUT 33.95585369269929 16.977926846349646
Gate BLOCK198 52.754146756439916 52.754146756439916 2
Pin IN 0.0 26.377073378219958
Pin OUT 52.754146756439916 26.377073378219958
Gate BLOCK199 32.7414110874898 32.7414110874898 2
Pin IN 0.0 16.3707055437449
Pin OUT 32.7414110874898 16.3707055437449
Gate BLOCK200 21.656407827707714 21.656407827707714 2
Pin IN 0.0 10.828203913853857
Pin OUT 21.656407827707714 10.828203913853857
NumInstances 293
Inst BLOCK1 BLOCK1 1380.0 2765.0
Inst BLOCK2 BLOCK2 1340.0 425.0
Inst BLOCK3 BLOCK3 2130.0 2665.0
Inst BLOCK4 BLOCK4 1755.0 1385.0
Inst BLOCK5 BLOCK5 820.0 1025.0
Inst BLOCK6 BLOCK6 2100.0 1840.0
Inst BLOCK7 BLOCK7 1985.0 695.0
Inst BLOCK8 BLOCK8 2020.0 100.0
Inst BLOCK9 BLOCK9 90.0 1200.0
Inst BLOCK10 BLOCK10 1165.0 2035.0
Inst BLOCK11 BLOCK11 2945.0 2455.0
Inst BLOCK12 BLOCK12 1715.0 305.0
Inst BLOCK13 BLOCK13 1110.0 2885.0
Inst BLOCK14 BLOCK14 1330.0 2900.0
Inst BLOCK15 BLOCK15 640.0 200.0
Inst BLOCK16 BLOCK16 65.0 1540.0
Inst BLOCK17 BLOCK17 1510.0 470.0
Inst BLOCK18 BLOCK18 2695.0 2490.0
Inst BLOCK19 BLOCK19 2190.0 1820.0
Inst BLOCK20 BLOCK20 520.0 1390.0
Inst BLOCK21 BLOCK21 1065.0 90.0
Inst BLOCK22 BLOCK22 2785.0 1610.0
Inst BLOCK23 BLOCK23 710.0 510.0
Inst BLOCK24 BLOCK24 1560.0 1780.0
Inst BLOCK25 BLOCK25 960.0 1180.0
Inst BLOCK26 BLOCK26 1675.0 2345.0
Inst BLOCK27 BLOCK27 1075.0 720.0
Inst BLOCK28 BLOCK28 2075.0 2545.0
Inst BLOCK29 BLOCK29 2555.0 2545.0
Inst BLOCK30 BLOCK30 2825.0 2420.0
Inst BLOCK31 BLOCK31 240.0 1855.0
Inst BLOCK32 BLOCK32 2755.0 105.0
Inst BLOCK33 BLOCK33 1290.0 655.0
Inst BLOCK34 BLOCK34 1895.0 995.0
Inst BLOCK35 BLOCK35 785.0 1675.0
Inst BLOCK36 BLOCK36 2105.0 280.0
Inst BLOCK37 BLOCK37 1235.0 1315.0
Inst BLOCK38 BLOCK38 60.0 2965.0
Inst BLOCK39 BLOCK39 10.0 1150.0
Inst BLOCK40 BLOCK40 1765.0 1200.0
Inst BLOCK41 BLOCK41 1555.0 2295.0
Inst BLOCK42 BLOCK42 990.0 1465.0
Inst BLOCK43 BLOCK43 2115.0 2405.0
Inst BLOCK44 BLOCK44 40.0 2850.0
Inst BLOCK45 BLOCK45 1240.0 890.0
Inst BLOCK46 BLOCK46 1155.0 1920.0
Inst BLOCK47 BLOCK47 600.0 2160.0
Inst BLOCK48 BLOCK48 225.0 925.0
Inst BLOCK49 BLOCK49 2045.0 2795.0
Inst BLOCK50 BLOCK50 2475.0 845.0
Inst BLOCK51 BLOCK51 1260.0 2310.0
Inst BLOCK52 BLOCK52 700.0 785.0
Inst BLOCK53 BLOCK53 1135.0 110.0
Inst BLOCK54 BLOCK54 2345.0 2445.0
Inst BLOCK55 BLOCK55 2465.0 2280.0
Inst BLOCK56 BLOCK56 540.0 585.0
Inst BLOCK57 BLOCK57 120.0 1060.0
Inst BLOCK58 BLOCK58 2905.0 105.0
Inst BLOCK59 BLOCK59 2610.0 1725.0
Inst BLOCK60 BLOCK60 2720.0 770.0
Inst BLOCK61 BLOCK61 25.0 1870.0
Inst BLOCK62 BLOCK62 2580.0 2965.0
Inst BLOCK63 BLOCK63 1415.0 1950.0
Inst BLOCK64 BLOCK64 1480.0 530.0
Inst BLOCK65 BLOCK65 125.0 2265.0
Inst BLOCK66 BLOCK66 1160.0 25.0
Inst BLOCK67 BLOCK67 1330.0 2465.0
Inst BLOCK68 BLOCK68 2420.0 2430.0
Inst BLOCK69 BLOCK69 2805.0 1605.0
Inst BLOCK70 BLOCK70 2550.0 2505.0
Inst BLOCK71 BLOCK71 1950.0 410.0
Inst BLOCK72 BLOCK72 1970.0 2940.0
Inst BLOCK73 BLOCK73 1595.0 1580.0
Inst BLOCK74 BLOCK74 2845.0 2135.0
Inst BLOCK75 BLOCK75 350.0 420.0
Inst BLOCK76 BLOCK76 2700.0 2085.0
Inst BLOCK77 BLOCK77 2705.0 2660.0
Inst BLOCK78 BLOCK78 115.0 1400.0
Inst BLOCK79 BLOCK79 20.0 2075.0
Inst BLOCK80 BLOCK80 1460.0 2625.0
Inst BLOCK81 BLOCK81 2770.0 410.0
Inst BLOCK82 BLOCK82 2085.0 500.0
Inst BLOCK83 BLOCK83 365.0 2320.0
Inst BLOCK84 BLOCK84 1440.0 1215.0
Inst BLOCK85 BLOCK85 970.0 565.0
Inst BLOCK86 BLOCK86 2530.0 1360.0
Inst BLOCK87 BLOCK87 610.0 1250.0
Inst BLOCK88 BLOCK88 620.0 345.0
Inst BLOCK89 BLOCK89 640.0 645.0
Inst BLOCK90 BLOCK90 1175.0 1810.0
Inst BLOCK91 BLOCK91 20.0 110.0
Inst BLOCK92 BLOCK92 2330.0 290.0
Inst BLOCK93 BLOCK93 610.0 250.0
Inst BLOCK94 BLOCK94 830.0 400.0
Inst BLOCK95 BLOCK95 1835.0 1850.0
Inst BLOCK96 BLOCK96 2345.0 350.0
Inst BLOCK97 BLOCK97 2895.0 1325.0
Inst BLOCK98 BLOCK98 650.0 1580.0
Inst BLOCK99 BLOCK99 945.0 130.0
Inst BLOCK100 BLOCK100 2500.0 745.0
Inst BLOCK101 BLOCK101 980.0 1795.0
Inst BLOCK102 BLOCK102 255.0 2240.0
Inst BLOCK103 BLOCK103 770.0 535.0
Inst BLOCK104 BLOCK104 2180.0 475.0
Inst BLOCK105 BLOCK105 2595.0 2270.0
Inst BLOCK106 BLOCK106 2050.0 2665.0
Inst BLOCK107 BLOCK107 2775.0 2740.0
Inst BLOCK108 BLOCK108 1280.0 815.0
Inst BLOCK109 BLOCK109 2990.0 540.0
Inst BLOCK110 BLOCK110 2965.0 1030.0
Inst BLOCK111 BLOCK111 2600.0 2720.0
Inst BLOCK112 BLOCK112 320.0 1235.0
Inst BLOCK113 BLOCK113 1995.0 50.0
Inst BLOCK114 BLOCK114 1695.0 930.0
Inst BLOCK115 BLOCK115 1275.0 530.0
Inst BLOCK116 BLOCK116 1660.0 2705.0
Inst BLOCK117 BLOCK117 1215.0 130.0
Inst BLOCK118 BLOCK118 740.0 1385.0
Inst BLOCK119 BLOCK119 920.0 185.0
Inst BLOCK120 BLOCK120 1025.0 185.0
Inst BLOCK121 BLOCK121 2640.0 525.0
Inst BLOCK122 BLOCK122 760.0 1950.0
Inst BLOCK123 BLOCK123 1885.0 2695.0
Inst BLOCK124 BLOCK124 170.0 575.0
Inst BLOCK125 BLOCK125 940.0 2660.0
Inst BLOCK126 BLOCK126 1455.0 2345.0
Inst BLOCK127 BLOCK127 2265.0 1655.0
Inst BLOCK128 BLOCK128 580.0 2510.0
Inst BLOCK129 BLOCK129 1765.0 2640.0
Inst BLOCK130 BLOCK130 2980.0 1150.0
Inst BLOCK131 BLOCK131 690.0 370.0
Inst BLOCK132 BLOCK132 295.0 1420.0
Inst BLOCK133 BLOCK133 2040.0 335.0
Inst BLOCK134 BLOCK134 2570.0 100.0
Inst BLOCK135 BLOCK135 2710.0 2425.0
Inst BLOCK136 BLOCK136 2425.0 1385.0
Inst BLOCK137 BLOCK137 1300.0 2790.0
Inst BLOCK138 BLOCK138 2820.0 2055.0
Inst BLOCK139 BLOCK139 690.0 2990.0
Inst BLOCK140 BLOCK140 2905.0 1935.0
Inst BLOCK141 BLOCK141 2275.0 650.0
Inst BLOCK142 BLOCK142 2945.0 105.0
Inst BLOCK143 BLOCK143 85.0 795.0
Inst BLOCK144 BLOCK144 290.0 1350.0
Inst BLOCK145 BLOCK145 950.0 1705.0
Inst BLOCK146 BLOCK146 2225.0 1735.0
Inst BLOCK147 BLOCK147 850.0 1740.0
Inst BLOCK148 BLOCK148 1880.0 1840.0
Inst BLOCK149 BLOCK149 530.0 2225.0
Inst BLOCK150 BLOCK150 390.0 1980.0
Inst BLOCK151 BLOCK151 2025.0 2630.0
Inst BLOCK152 BLOCK152 1555.0 1815.0
Inst BLOCK153 BLOCK153 2985.0 2065.0
Inst BLOCK154 BLOCK154 230.0 2990.0
Inst BLOCK155 BLOCK155 280.0 495.0
Inst BLOCK156 BLOCK156 1035.0 2330.0
Inst BLOCK157 BLOCK157 2025.0 2710.0
Inst BLOCK158 BLOCK158 1495.0 1185.0
Inst BLOCK159 BLOCK159 875.0 1770.0
Inst BLOCK160 BLOCK160 2055.0 1620.0
Inst BLOCK161 BLOCK161 185.0 1660.0
Inst BLOCK162 BLOCK162 770.0 2810.0
Inst BLOCK163 BLOCK163 1950.0 995.0
Inst BLOCK164 BLOCK164 1900.0 1175.0
Inst BLOCK165 BLOCK165 1140.0 975.0
Inst BLOCK166 BLOCK166 1015.0 2585.0
Inst BLOCK167 BLOCK167 2945.0 20.0
Inst BLOCK168 BLOCK168 2830.0 1105.0
Inst BLOCK169 BLOCK169 425.0 1625.0
Inst BLOCK170 BLOCK170 1495.0 1665.0
Inst BLOCK171 BLOCK171 2600.0 515.0
Inst BLOCK172 BLOCK172 100.0 1620.0
Inst BLOCK173 BLOCK173 165.0 2005.0
Inst BLOCK174 BLOCK174 2010.0 1350.0
Inst BLOCK175 BLOCK175 2360.0 70.0
Inst BLOCK176 BLOCK176 2000.0 1930.0
Inst BLOCK177 BLOCK177 1705.0 1390.0
Inst BLOCK178 BLOCK178 1695.0 1695.0
Inst BLOCK179 BLOCK179 330.0 1590.0
Inst BLOCK180 BLOCK180 345.0 95.0
Inst BLOCK181 BLOCK181 560.0 2340.0
Inst BLOCK182 BLOCK182 2110.0 2625.0
Inst BLOCK183 BLOCK183 1260.0 105.0
Inst BLOCK184 BLOCK184 1860.0 2960.0
Inst BLOCK185 BLOCK185 2370.0 730.0
Inst BLOCK186 BLOCK186 2535.0 2385.0
Inst BLOCK187 BLOCK187 1230.0 2710.0
Inst BLOCK188 BLOCK188 1900.0 770.0
Inst BLOCK189 BLOCK189 1985.0 2925.0
Inst BLOCK190 BLOCK190 1410.0 455.0
Inst BLOCK191 BLOCK191 1265.0 2735.0
Inst BLOCK192 BLOCK192 2495.0 710.0
Inst BLOCK193 BLOCK193 2255.0 2825.0
Inst BLOCK194 BLOCK194 1910.0 650.0
Inst BLOCK195 BLOCK195 325.0 1975.0
Inst BLOCK196 BLOCK196 355.0 1175.0
Inst BLOCK197 BLOCK197 2090.0 75.0
Inst BLOCK198 BLOCK198 1135.0 760.0
Inst BLOCK199 BLOCK199 1030.0 585.0
Inst BLOCK200 BLOCK200 2085.0 1905.0
Inst FLIP_FLOP3 FF1 490.0 1620.0
Inst FLIP_FLOP4 FF1 160.0 1260.0
Inst FLIP_FLOP6 FF1 1080.0 2320.0
Inst FLIP_FLOP8 FF1 1630.0 840.0
Inst FLIP_FLOP9 FF1 186.0 2200.0
Inst FLIP_FLOP10 FF1 670.0 1220.0
Inst FLIP_FLOP11 FF1 174.0 1220.0
Inst FLIP_FLOP12 FF1 2460.0 1100.0
Inst FLIP_FLOP13 FF1 1584.0 1070.0
Inst FLIP_FLOP16 FF1 1494.0 1280.0
Inst FLIP_FLOP17 FF1 2890.0 790.0
Inst FLIP_FLOP22 FF1 2100.0 1240.0
Inst FLIP_FLOP23 FF1 2246.0 760.0
Inst FLIP_FLOP25 FF1 474.0 950.0
Inst FLIP_FLOP34 FF1 1040.0 170.0
Inst FLIP_FLOP36 FF1 2444.0 700.0
Inst FLIP_FLOP38 FF1 1070.0 570.0
Inst FLIP_FLOP40 FF1 964.0 2560.0
Inst FLIP_FLOP41 FF1 510.0 1030.0
Inst FLIP_FLOP45 FF1 2244.0 960.0
Inst FLIP_FLOP46 FF1 1496.0 2520.0
Inst FLIP_FLOP47 FF1 844.0 1630.0
Inst FLIP_FLOP48 FF1 264.0 1640.0
Inst FLIP_FLOP50 FF1 826.0 900.0
Inst FLIP_FLOP51 FF1 1444.0 720.0
Inst FLIP_FLOP52 FF1 2030.0 420.0
Inst FLIP_FLOP53 FF1 1814.0 1640.0
Inst FLIP_FLOP54 FF1 1124.0 840.0
Inst FLIP_FLOP55 FF1 1560.0 950.0
Inst FLIP_FLOP56 FF1 1036.0 2160.0
Inst FLIP_FLOP57 FF1 2820.0 1210.0
Inst FLIP_FLOP59 FF1 1550.0 1220.0
Inst FLIP_FLOP60 FF1 596.0 1660.0
Inst FLIP_FLOP61 FF1 1800.0 460.0
Inst FLIP_FLOP64 FF1 620.0 1750.0
Inst FLIP_FLOP65 FF1 936.0 250.0
Inst FLIP_FLOP67 FF1 1954.0 1620.0
Inst FLIP_FLOP71 FF1 384.0 1810.0
Inst FLIP_FLOP73 FF1 1930.0 1610.0
Inst FLIP_FLOP74 FF1 2120.0 880.0
Inst FLIP_FLOP75 FF1 1764.0 950.0
Inst FLIP_FLOP77 FF1 1860.0 1990.0
Inst FLIP_FLOP78 FF1 1360.0 1100.0
Inst FLIP_FLOP80 FF1 956.0 120.0
Inst FLIP_FLOP84 FF1 2000.0 980.0
Inst FLIP_FLOP88 FF1 2330.0 1290.0
Inst FLIP_FLOP90 FF1 1804.0 770.0
Inst FLIP_FLOP91 FF1 1538.0 1690.0
Inst FLIP_FLOP92 FF1 1570.0 400.0
Inst FLIP_FLOP93 FF1 2214.0 1370.0
Inst FLIP_FLOP95 FF1 450.0 1020.0
Inst FLIP_FLOP96 FF1 1544.0 1820.0
Inst FLIP_FLOP98 FF1 1460.0 2010.0
Inst FLIP_FLOP99 FF1 1376.0 710.0
Inst FLIP_FLOP102 FF1 1110.0 1840.0
Inst FLIP_FLOP103 FF1 480.0 1090.0
Inst FLIP_FLOP104 FF1 324.0 1470.0
Inst FLIP_FLOP105 FF1 1776.0 2550.0
Inst FLIP_FLOP106 FF1 806.0 2440.0
Inst FLIP_FLOP107 FF1 1200.0 2100.0
Inst FLIP_FLOP109 FF1 1196.0 640.0
Inst FLIP_FLOP112 FF1 1704.0 980.0
Inst FLIP_FLOP113 FF1 1296.0 2260.0
Inst FLIP_FLOP114 FF1 836.0 1870.0
Inst FLIP_FLOP116 FF1 1770.0 2010.0
Inst FLIP_FLOP117 FF1 2840.0 2900.0
Inst FLIP_FLOP119 FF1 1694.0 1360.0
Inst FLIP_FLOP120 FF1 1120.0 520.0
Inst NEW_FLIP_FLOP_1 FF2 520.0 450.0
Inst NEW_FLIP_FLOP_2 FF2 470.0 190.0
Inst NEW_FLIP_FLOP_3 FF2 756.0 500.0
Inst NEW_FLIP_FLOP_4 FF2 160.0 270.0
Inst NEW_FLIP_FLOP_5 FF2 306.0 50.0
Inst NEW_FLIP_FLOP_6 FF2 226.0 210.0
Inst NEW_FLIP_FLOP_7 FF2 320.0 220.0
Inst NEW_FLIP_FLOP_8 FF2 164.0 130.0
Inst NEW_FLIP_FLOP_9 FF2 2664.0 760.0
Inst NEW_FLIP_FLOP_10 FF2 2420.0 720.0
Inst NEW_FLIP_FLOP_11 FF2 1930.0 320.0
Inst NEW_FLIP_FLOP_12 FF2 466.0 2500.0
Inst NEW_FLIP_FLOP_13 FF2 264.0 2500.0
Inst NEW_FLIP_FLOP_14 FF2 500.0 2090.0
Inst NEW_FLIP_FLOP_15 FF2 256.0 2400.0
Inst NEW_FLIP_FLOP_16 FF2 444.0 2090.0
Inst NEW_FLIP_FLOP_17 FF2 2346.0 2760.0
Inst NEW_FLIP_FLOP_18 FF2 2180.0 2090.0
Inst NEW_FLIP_FLOP_19 FF2 2440.0 2310.0
Inst NEW_FLIP_FLOP_20 FF2 2186.0 2070.0
Inst NEW_FLIP_FLOP_21 FF2 2006.0 2110.0
Inst NEW_FLIP_FLOP_22 FF2 2500.0 1900.0
Inst FF2_FLIP_FLOP27_FLIP_FLOP28 FF2 402.0 1230.0
Inst FF2_FLIP_FLOP32_FLIP_FLOP33 FF2 1386.0 1940.0
Inst FF4_FF2_FLIP_FLOP15_FLIP_FLOP24_FF2_FLIP_FLOP62_FLIP_FLOP72 FF4 1350.0 1610.0
NumNets 240
Net n 2
Pin FLIP_FLOP3/D0
Pin PIN5
Net n 2
Pin FLIP_FLOP3/Q0
Pin PIN6
Net n 2
Pin FLIP_FLOP4/D0
Pin PIN7
Net n 2
Pin FLIP_FLOP4/Q0
Pin PIN8
Net n 2
Pin FLIP_FLOP6/D0
Pin PIN11
Net n 2
Pin FLIP_FLOP6/Q0
Pin PIN12
Net n 2
Pin FLIP_FLOP8/D0
Pin PIN15
Net n 2
Pin FLIP_FLOP8/Q0
Pin PIN16
Net n 2
Pin FLIP_FLOP9/D0
Pin PIN17
Net n 2
Pin FLIP_FLOP9/Q0
Pin PIN18
Net n 2
Pin FLIP_FLOP10/D0
Pin PIN19
Net n 2
Pin FLIP_FLOP10/Q0
Pin PIN20
Net n 2
Pin FLIP_FLOP11/D0
Pin PIN21
Net n 2
Pin FLIP_FLOP11/Q0
Pin PIN22
Net n 2
Pin FLIP_FLOP12/D0
Pin PIN23
Net n 2
Pin FLIP_FLOP12/Q0
Pin PIN24
Net n 2
Pin FLIP_FLOP13/D0
Pin PIN25
Net n 2
Pin FLIP_FLOP13/Q0
Pin PIN26
Net n 2
Pin FLIP_FLOP16/D0
Pin PIN31
Net n 2
Pin FLIP_FLOP16/Q0
Pin PIN32
Net n 2
Pin FLIP_FLOP17/D0
Pin PIN33
Net n 2
Pin FLIP_FLOP17/Q0
Pin PIN34
Net n 2
Pin FLIP_FLOP22/D0
Pin PIN43
Net n 2
Pin FLIP_FLOP22/Q0
Pin PIN44
Net n 2
Pin FLIP_FLOP23/D0
Pin PIN45
Net n 2
Pin FLIP_FLOP23/Q0
Pin PIN46
Net n 2
Pin FLIP_FLOP25/D0
Pin PIN49
Net n 2
Pin FLIP_FLOP25/Q0
Pin PIN50
Net n 2
Pin FLIP_FLOP34/D0
Pin PIN67
Net n 2
Pin FLIP_FLOP34/Q0
Pin PIN68
Net n 2
Pin FLIP_FLOP36/D0
Pin PIN71
Net n 2
Pin FLIP_FLOP36/Q0
Pin PIN72
Net n 2
Pin FLIP_FLOP38/D0
Pin PIN75
Net n 2
Pin FLIP_FLOP38/Q0
Pin PIN76
Net n 2
Pin FLIP_FLOP40/D0
Pin PIN79
Net n 2
Pin FLIP_FLOP40/Q0
Pin PIN80
Net n 2
Pin FLIP_FLOP41/D0
Pin PIN81
Net n 2
Pin FLIP_FLOP41/Q0
Pin PIN82
Net n 2
Pin FLIP_FLOP45/D0
Pin PIN89
Net n 2
Pin FLIP_FLOP45/Q0
Pin PIN90
Net n 2
Pin FLIP_FLOP46/D0
Pin PIN91
Net n 2
Pin FLIP_FLOP46/Q0
Pin PIN92
Net n 2
Pin FLIP_FLOP47/D0
Pin PIN93
Net n 2
Pin FLIP_FLOP47/Q0
Pin PIN94
Net n 2
Pin FLIP_FLOP48/D0
Pin PIN95
Net n 2
Pin FLIP_FLOP48/Q0
Pin PIN96
Net n 2
Pin FLIP_FLOP50/D0
Pin PIN99
Net n 2
Pin FLIP_FLOP50/Q0
Pin PIN100
Net n 2
Pin FLIP_FLOP51/D0
Pin PIN101
Net n 2
Pin FLIP_FLOP51/Q0
Pin PIN102
Net n 2
Pin FLIP_FLOP52/D0
Pin PIN103
Net n 2
Pin FLIP_FLOP52/Q0
Pin PIN104
Net n 2
Pin FLIP_FLOP53/D0
Pin PIN105
Net n 2
Pin FLIP_FLOP53/Q0
Pin PIN106
Net n 2
Pin FLIP_FLOP54/D0
Pin PIN107
Net n 2
Pin FLIP_FLOP54/Q0
Pin PIN108
Net n 2
Pin FLIP_FLOP55/D0
Pin PIN109
Net n 2
Pin FLIP_FLOP55/Q0
Pin PIN110
Net n 2
Pin FLIP_FLOP56/D0
Pin PIN111
Net n 2
Pin FLIP_FLOP56/Q0
Pin PIN112
Net n 2
Pin FLIP_FLOP57/D0
Pin PIN113
Net n 2
Pin FLIP_FLOP57/Q0
Pin PIN114
Net n 2
Pin FLIP_FLOP59/D0
Pin PIN117
Net n 2
Pin FLIP_FLOP59/Q0
Pin PIN118
Net n 2
Pin FLIP_FLOP60/D0
Pin PIN119
Net n 2
Pin FLIP_FLOP60/Q0
Pin PIN120
Net n 2
Pin FLIP_FLOP61/D0
Pin PIN121
Net n 2
Pin FLIP_FLOP61/Q0
Pin PIN122
Net n 2
Pin FLIP_FLOP64/D0
Pin PIN127
Net n 2
Pin FLIP_FLOP64/Q0
Pin PIN128
Net n 2
Pin FLIP_FLOP65/D0
Pin PIN129
Net n 2
Pin FLIP_FLOP65/Q0
Pin PIN130
Net n 2
Pin FLIP_FLOP67/D0
Pin PIN133
Net n 2
Pin FLIP_FLOP67/Q0
Pin PIN134
Net n 2
Pin FLIP_FLOP71/D0
Pin PIN141
Net n 2
Pin FLIP_FLOP71/Q0
Pin PIN142
Net n 2
Pin FLIP_FLOP73/D0
Pin PIN145
Net n 2
Pin FLIP_FLOP73/Q0
Pin PIN146
Net n 2
Pin FLIP_FLOP74/D0
Pin PIN147
Net n 2
Pin FLIP_FLOP74/Q0
Pin PIN148
Net n 2
Pin FLIP_FLOP75/D0
Pin PIN149
Net n 2
Pin FLIP_FLOP75/Q0
Pin PIN150
Net n 2
Pin FLIP_FLOP77/D0
Pin PIN153
Net n 2
Pin FLIP_FLOP77/Q0
Pin PIN154
Net n 2
Pin FLIP_FLOP78/D0
Pin PIN155
Net n 2
Pin FLIP_FLOP78/Q0
Pin PIN156
Net n 2
Pin FLIP_FLOP80/D0
Pin PIN159
Net n 2
Pin FLIP_FLOP80/Q0
Pin PIN160
Net n 2
Pin FLIP_FLOP84/D0
Pin PIN167
Net n 2
Pin FLIP_FLOP84/Q0
Pin PIN168
Net n 2
Pin FLIP_FLOP88/D0
Pin PIN175
Net n 2
Pin FLIP_FLOP88/Q0
Pin PIN176
Net n 2
Pin FLIP_FLOP90/D0
Pin PIN179
Net n 2
Pin FLIP_FLOP90/Q0
Pin PIN180
Net n 2
Pin FLIP_FLOP91/D0
Pin PIN181
Net n 2
Pin FLIP_FLOP91/Q0
Pin PIN182
Net n 2
Pin FLIP_FLOP92/D0
Pin PIN183
Net n 2
Pin FLIP_FLOP92/Q0
Pin PIN184
Net n 2
Pin FLIP_FLOP93/D0
Pin PIN185
Net n 2
Pin FLIP_FLOP93/Q0
Pin PIN186
Net n 2
Pin FLIP_FLOP95/D0
Pin PIN189
Net n 2
Pin FLIP_FLOP95/Q0
Pin PIN190
Net n 2
Pin FLIP_FLOP96/D0
Pin PIN191
Net n 2
Pin FLIP_FLOP96/Q0
Pin PIN192
Net n 2
Pin FLIP_FLOP98/D0
Pin PIN195
Net n 2
Pin FLIP_FLOP98/Q0
Pin PIN196
Net n 2
Pin FLIP_FLOP99/D0
Pin PIN197
Net n 2
Pin FLIP_FLOP99/Q0
Pin PIN198
Net n 2
Pin FLIP_FLOP102/D0
Pin PIN203
Net n 2
Pin FLIP_FLOP102/Q0
Pin PIN204
Net n 2
Pin FLIP_FLOP103/D0
Pin PIN205
Net n 2
Pin FLIP_FLOP103/Q0
Pin PIN206
Net n 2
Pin FLIP_FLOP104/D0
Pin PIN207
Net n 2
Pin FLIP_FLOP104/Q0
Pin PIN208
Net n 2
Pin FLIP_FLOP105/D0
Pin PIN209
Net n 2
Pin FLIP_FLOP105/Q0
Pin PIN210
Net n 2
Pin FLIP_FLOP106/D0
Pin PIN211
Net n 2
Pin FLIP_FLOP106/Q0
Pin PIN212
Net n 2
Pin FLIP_FLOP107/D0
Pin PIN213
Net n 2
Pin FLIP_FLOP107/Q0
Pin PIN214
Net n 2
Pin FLIP_FLOP109/D0
Pin PIN217
Net n 2
Pin FLIP_FLOP109/Q0
Pin PIN218
Net n 2
Pin FLIP_FLOP112/D0
Pin PIN223
Net n 2
Pin FLIP_FLOP112/Q0
Pin PIN224
Net n 2
Pin FLIP_FLOP113/D0
Pin PIN225
Net n 2
Pin FLIP_FLOP113/Q0
Pin PIN226
Net n 2
Pin FLIP_FLOP114/D0
Pin PIN227
Net n 2
Pin FLIP_FLOP114/Q0
Pin PIN228
Net n 2
Pin FLIP_FLOP116/D0
Pin PIN231
Net n 2
Pin FLIP_FLOP116/Q0
Pin PIN232
Net n 2
Pin FLIP_FLOP117/D0
Pin PIN233
Net n 2
Pin FLIP_FLOP117/Q0
Pin PIN234
Net n 2
Pin FLIP_FLOP119/D0
Pin PIN237
Net n 2
Pin FLIP_FLOP119/Q0
Pin PIN238
Net n 2
Pin FLIP_FLOP120/D0
Pin PIN239
Net n 2
Pin FLIP_FLOP120/Q0
Pin PIN240
Net n 2
Pin NEW_FLIP_FLOP_1/D0
Pin PIN41
Net n 2
Pin NEW_FLIP_FLOP_1/Q0
Pin PIN42
Net n 2
Pin NEW_FLIP_FLOP_1/D1
Pin PIN161
Net n 2
Pin NEW_FLIP_FLOP_1/Q1
Pin PIN162
Net n 2
Pin NEW_FLIP_FLOP_2/D0
Pin PIN57
Net n 2
Pin NEW_FLIP_FLOP_2/Q0
Pin PIN58
Net n 2
Pin NEW_FLIP_FLOP_2/D1
Pin PIN199
Net n 2
Pin NEW_FLIP_FLOP_2/Q1
Pin PIN200
Net n 2
Pin NEW_FLIP_FLOP_3/D0
Pin PIN169
Net n 2
Pin NEW_FLIP_FLOP_3/Q0
Pin PIN170
Net n 2
Pin NEW_FLIP_FLOP_3/D1
Pin PIN229
Net n 2
Pin NEW_FLIP_FLOP_3/Q1
Pin PIN230
Net n 2
Pin NEW_FLIP_FLOP_4/D0
Pin PIN51
Net n 2
Pin NEW_FLIP_FLOP_4/Q0
Pin PIN52
Net n 2
Pin NEW_FLIP_FLOP_4/D1
Pin PIN137
Net n 2
Pin NEW_FLIP_FLOP_4/Q1
Pin PIN138
Net n 2
Pin NEW_FLIP_FLOP_5/D0
Pin PIN13
Net n 2
Pin NEW_FLIP_FLOP_5/Q0
Pin PIN14
Net n 2
Pin NEW_FLIP_FLOP_5/D1
Pin PIN221
Net n 2
Pin NEW_FLIP_FLOP_5/Q1
Pin PIN222
Net n 2
Pin NEW_FLIP_FLOP_6/D0
Pin PIN69
Net n 2
Pin NEW_FLIP_FLOP_6/Q0
Pin PIN70
Net n 2
Pin NEW_FLIP_FLOP_6/D1
Pin PIN151
Net n 2
Pin NEW_FLIP_FLOP_6/Q1
Pin PIN152
Net n 2
Pin NEW_FLIP_FLOP_7/D0
Pin PIN35
Net n 2
Pin NEW_FLIP_FLOP_7/Q0
Pin PIN36
Net n 2
Pin NEW_FLIP_FLOP_7/D1
Pin PIN61
Net n 2
Pin NEW_FLIP_FLOP_7/Q1
Pin PIN62
Net n 2
Pin NEW_FLIP_FLOP_8/D0
Pin PIN87
Net n 2
Pin NEW_FLIP_FLOP_8/Q0
Pin PIN88
Net n 2
Pin NEW_FLIP_FLOP_8/D1
Pin PIN97
Net n 2
Pin NEW_FLIP_FLOP_8/Q1
Pin PIN98
Net n 2
Pin NEW_FLIP_FLOP_9/D0
Pin PIN37
Net n 2
Pin NEW_FLIP_FLOP_9/Q0
Pin PIN38
Net n 2
Pin NEW_FLIP_FLOP_9/D1
Pin PIN201
Net n 2
Pin NEW_FLIP_FLOP_9/Q1
Pin PIN202
Net n 2
Pin NEW_FLIP_FLOP_10/D0
Pin PIN77
Net n 2
Pin NEW_FLIP_FLOP_10/Q0
Pin PIN78
Net n 2
Pin NEW_FLIP_FLOP_10/D1
Pin PIN85
Net n 2
Pin NEW_FLIP_FLOP_10/Q1
Pin PIN86
Net n 2
Pin NEW_FLIP_FLOP_11/D0
Pin PIN9
Net n 2
Pin NEW_FLIP_FLOP_11/Q0
Pin PIN10
Net n 2
Pin NEW_FLIP_FLOP_11/D1
Pin PIN139
Net n 2
Pin NEW_FLIP_FLOP_11/Q1
Pin PIN140
Net n 2
Pin NEW_FLIP_FLOP_12/D0
Pin PIN171
Net n 2
Pin NEW_FLIP_FLOP_12/Q0
Pin PIN172
Net n 2
Pin NEW_FLIP_FLOP_12/D1
Pin PIN193
Net n 2
Pin NEW_FLIP_FLOP_12/Q1
Pin PIN194
Net n 2
Pin NEW_FLIP_FLOP_13/D0
Pin PIN131
Net n 2
Pin NEW_FLIP_FLOP_13/Q0
Pin PIN132
Net n 2
Pin NEW_FLIP_FLOP_13/D1
Pin PIN135
Net n 2
Pin NEW_FLIP_FLOP_13/Q1
Pin PIN136
Net n 2
Pin NEW_FLIP_FLOP_14/D0
Pin PIN187
Net n 2
Pin NEW_FLIP_FLOP_14/Q0
Pin PIN188
Net n 2
Pin NEW_FLIP_FLOP_14/D1
Pin PIN215
Net n 2
Pin NEW_FLIP_FLOP_14/Q1
Pin PIN216
Net n 2
Pin NEW_FLIP_FLOP_15/D0
Pin PIN39
Net n 2
Pin NEW_FLIP_FLOP_15/Q0
Pin PIN40
Net n 2
Pin NEW_FLIP_FLOP_15/D1
Pin PIN125
Net n 2
Pin NEW_FLIP_FLOP_15/Q1
Pin PIN126
Net n 2
Pin NEW_FLIP_FLOP_16/D0
Pin PIN1
Net n 2
Pin NEW_FLIP_FLOP_16/Q0
Pin PIN2
Net n 2
Pin NEW_FLIP_FLOP_16/D1
Pin PIN219
Net n 2
Pin NEW_FLIP_FLOP_16/Q1
Pin PIN220
Net n 2
Pin NEW_FLIP_FLOP_17/D0
Pin PIN3
Net n 2
Pin NEW_FLIP_FLOP_17/Q0
Pin PIN4
Net n 2
Pin NEW_FLIP_FLOP_17/D1
Pin PIN115
Net n 2
Pin NEW_FLIP_FLOP_17/Q1
Pin PIN116
Net n 2
Pin NEW_FLIP_FLOP_18/D0
Pin PIN27
Net n 2
Pin NEW_FLIP_FLOP_18/Q0
Pin PIN28
Net n 2
Pin NEW_FLIP_FLOP_18/D1
Pin PIN165
Net n 2
Pin NEW_FLIP_FLOP_18/Q1
Pin PIN166
Net n 2
Pin NEW_FLIP_FLOP_19/D0
Pin PIN59
Net n 2
Pin NEW_FLIP_FLOP_19/Q0
Pin PIN60
Net n 2
Pin NEW_FLIP_FLOP_19/D1
Pin PIN173
Net n 2
Pin NEW_FLIP_FLOP_19/Q1
Pin PIN174
Net n 2
Pin NEW_FLIP_FLOP_20/D0
Pin PIN157
Net n 2
Pin NEW_FLIP_FLOP_20/Q0
Pin PIN158
Net n 2
Pin NEW_FLIP_FLOP_20/D1
Pin PIN163
Net n 2
Pin NEW_FLIP_FLOP_20/Q1
Pin PIN164
Net n 2
Pin NEW_FLIP_FLOP_21/D0
Pin PIN83
Net n 2
Pin NEW_FLIP_FLOP_21/Q0
Pin PIN84
Net n 2
Pin NEW_FLIP_FLOP_21/D1
Pin PIN235
Net n 2
Pin NEW_FLIP_FLOP_21/Q1
Pin PIN236
Net n 2
Pin NEW_FLIP_FLOP_22/D0
Pin PIN73
Net n 2
Pin NEW_FLIP_FLOP_22/Q0
Pin PIN74
Net n 2
Pin NEW_FLIP_FLOP_22/D1
Pin PIN177
Net n 2
Pin NEW_FLIP_FLOP_22/Q1
Pin PIN178
Net n 2
Pin FF2_FLIP_FLOP27_FLIP_FLOP28/D0
Pin PIN53
Net n 2
Pin FF2_FLIP_FLOP27_FLIP_FLOP28/Q0
Pin PIN54
Net n 2
Pin FF2_FLIP_FLOP27_FLIP_FLOP28/D1
Pin PIN55
Net n 2
Pin FF2_FLIP_FLOP27_FLIP_FLOP28/Q1
Pin PIN56
Net n 2
Pin FF2_FLIP_FLOP32_FLIP_FLOP33/D0
Pin PIN63
Net n 2
Pin FF2_FLIP_FLOP32_FLIP_FLOP33/Q0
Pin PIN64
Net n 2
Pin FF2_FLIP_FLOP32_FLIP_FLOP33/D1
Pin PIN65
Net n 2
Pin FF2_FLIP_FLOP32_FLIP_FLOP33/Q1
Pin PIN66
Net n 2
Pin PIN29
Pin FF4_FF2_FLIP_FLOP15_FLIP_FLOP24_FF2_FLIP_FLOP62_FLIP_FLOP72/D0
Net n 2
Pin PIN47
Pin FF4_FF2_FLIP_FLOP15_FLIP_FLOP24_FF2_FLIP_FLOP62_FLIP_FLOP72/D1
Net n 2
Pin PIN123
Pin FF4_FF2_FLIP_FLOP15_FLIP_FLOP24_FF2_FLIP_FLOP62_FLIP_FLOP72/D2
Net n 2
Pin PIN143
Pin FF4_FF2_FLIP_FLOP15_FLIP_FLOP24_FF2_FLIP_FLOP62_FLIP_FLOP72/D3
Net n 2
Pin PIN30
Pin FF4_FF2_FLIP_FLOP15_FLIP_FLOP24_FF2_FLIP_FLOP62_FLIP_FLOP72/Q0
Net n 2
Pin PIN48
Pin FF4_FF2_FLIP_FLOP15_FLIP_FLOP24_FF2_FLIP_FLOP62_FLIP_FLOP72/Q1
Net n 2
Pin PIN124
Pin FF4_FF2_FLIP_FLOP15_FLIP_FLOP24_FF2_FLIP_FLOP62_FLIP_FLOP72/Q2
Net n 2
Pin PIN144
Pin FF4_FF2_FLIP_FLOP15_FLIP_FLOP24_FF2_FLIP_FLOP62_FLIP_FLOP72/Q3
BinWidth 500.0
BinHeight 500.0
BinMaxUtil 79.0
PlacementRows 0.0 0.0 2.0 10.0 1500
PlacementRows 0.0 10.0 2.0 10.0 1500
PlacementRows 0.0 20.0 2.0 10.0 1500
PlacementRows 0.0 30.0 2.0 10.0 1500
PlacementRows 0.0 40.0 2.0 10.0 1500
PlacementRows 0.0 50.0 2.0 10.0 1500
PlacementRows 0.0 60.0 2.0 10.0 1500
PlacementRows 0.0 70.0 2.0 10.0 1500
PlacementRows 0.0 80.0 2.0 10.0 1500
PlacementRows 0.0 90.0 2.0 10.0 1500
PlacementRows 0.0 100.0 2.0 10.0 1500
PlacementRows 0.0 110.0 2.0 10.0 1500
PlacementRows 0.0 120.0 2.0 10.0 1500
PlacementRows 0.0 130.0 2.0 10.0 1500
PlacementRows 0.0 140.0 2.0 10.0 1500
PlacementRows 0.0 150.0 2.0 10.0 1500
PlacementRows 0.0 160.0 2.0 10.0 1500
PlacementRows 0.0 170.0 2.0 10.0 1500
PlacementRows 0.0 180.0 2.0 10.0 1500
PlacementRows 0.0 190.0 2.0 10.0 1500
PlacementRows 0.0 200.0 2.0 10.0 1500
PlacementRows 0.0 210.0 2.0 10.0 1500
PlacementRows 0.0 220.0 2.0 10.0 1500
PlacementRows 0.0 230.0 2.0 10.0 1500
PlacementRows 0.0 240.0 2.0 10.0 1500
PlacementRows 0.0 250.0 2.0 10.0 1500
PlacementRows 0.0 260.0 2.0 10.0 1500
PlacementRows 0.0 270.0 2.0 10.0 1500
PlacementRows 0.0 280.0 2.0 10.0 1500
PlacementRows 0.0 290.0 2.0 10.0 1500
PlacementRows 0.0 300.0 2.0 10.0 1500
PlacementRows 0.0 310.0 2.0 10.0 1500
PlacementRows 0.0 320.0 2.0 10.0 1500
PlacementRows 0.0 330.0 2.0 10.0 1500
PlacementRows 0.0 340.0 2.0 10.0 1500
PlacementRows 0.0 350.0 2.0 10.0 1500
PlacementRows 0.0 360.0 2.0 10.0 1500
PlacementRows 0.0 370.0 2.0 10.0 1500
PlacementRows 0.0 380.0 2.0 10.0 1500
PlacementRows 0.0 390.0 2.0 10.0 1500
PlacementRows 0.0 400.0 2.0 10.0 1500
PlacementRows 0.0 410.0 2.0 10.0 1500
PlacementRows 0.0 420.0 2.0 10.0 1500
PlacementRows 0.0 430.0 2.0 10.0 1500
PlacementRows 0.0 440.0 2.0 10.0 1500
PlacementRows 0.0 450.0 2.0 10.0 1500
PlacementRows 0.0 460.0 2.0 10.0 1500
PlacementRows 0.0 470.0 2.0 10.0 1500
PlacementRows 0.0 480.0 2.0 10.0 1500
PlacementRows 0.0 490.0 2.0 10.0 1500
PlacementRows 0.0 500.0 2.0 10.0 1500
PlacementRows 0.0 510.0 2.0 10.0 1500
PlacementRows 0.0 520.0 2.0 10.0 1500
PlacementRows 0.0 530.0 2.0 10.0 1500
PlacementRows 0.0 540.0 2.0 10.0 1500
PlacementRows 0.0 550.0 2.0 10.0 1500
PlacementRows 0.0 560.0 2.0 10.0 1500
PlacementRows 0.0 570.0 2.0 10.0 1500
PlacementRows 0.0 580.0 2.0 10.0 1500
PlacementRows 0.0 590.0 2.0 10.0 1500
PlacementRows 0.0 600.0 2.0 10.0 1500
PlacementRows 0.0 610.0 2.0 10.0 1500
PlacementRows 0.0 620.0 2.0 10.0 1500
PlacementRows 0.0 630.0 2.0 10.0 1500
PlacementRows 0.0 640.0 2.0 10.0 1500
PlacementRows 0.0 650.0 2.0 10.0 1500
PlacementRows 0.0 660.0 2.0 10.0 1500
PlacementRows 0.0 670.0 2.0 10.0 1500
PlacementRows 0.0 680.0 2.0 10.0 1500
PlacementRows 0.0 690.0 2.0 10.0 1500
PlacementRows 0.0 700.0 2.0 10.0 1500
PlacementRows 0.0 710.0 2.0 10.0 1500
PlacementRows 0.0 720.0 2.0 10.0 1500
PlacementRows 0.0 730.0 2.0 10.0 1500
PlacementRows 0.0 740.0 2.0 10.0 1500
PlacementRows 0.0 750.0 2.0 10.0 1500
PlacementRows 0.0 760.0 2.0 10.0 1500
PlacementRows 0.0 770.0 2.0 10.0 1500
PlacementRows 0.0 780.0 2.0 10.0 1500
PlacementRows 0.0 790.0 2.0 10.0 1500
PlacementRows 0.0 800.0 2.0 10.0 1500
PlacementRows 0.0 810.0 2.0 10.0 1500
PlacementRows 0.0 820.0 2.0 10.0 1500
PlacementRows 0.0 830.0 2.0 10.0 1500
PlacementRows 0.0 840.0 2.0 10.0 1500
PlacementRows 0.0 850.0 2.0 10.0 1500
PlacementRows 0.0 860.0 2.0 10.0 1500
PlacementRows 0.0 870.0 2.0 10.0 1500
PlacementRows 0.0 880.0 2.0 10.0 1500
PlacementRows 0.0 890.0 2.0 10.0 1500
PlacementRows 0.0 900.0 2.0 10.0 1500
PlacementRows 0.0 910.0 2.0 10.0 1500
PlacementRows 0.0 920.0 2.0 10.0 1500
PlacementRows 0.0 930.0 2.0 10.0 1500
PlacementRows 0.0 940.0 2.0 10.0 1500
PlacementRows 0.0 950.0 2.0 10.0 1500
PlacementRows 0.0 960.0 2.0 10.0 1500
PlacementRows 0.0 970.0 2.0 10.0 1500
PlacementRows 0.0 980.0 2.0 10.0 1500
PlacementRows 0.0 990.0 2.0 10.0 1500
PlacementRows 0.0 1000.0 2.0 10.0 1500
PlacementRows 0.0 1010.0 2.0 10.0 1500
PlacementRows 0.0 1020.0 2.0 10.0 1500
PlacementRows 0.0 1030.0 2.0 10.0 1500
PlacementRows 0.0 1040.0 2.0 10.0 1500
PlacementRows 0.0 1050.0 2.0 10.0 1500
PlacementRows 0.0 1060.0 2.0 10.0 1500
PlacementRows 0.0 1070.0 2.0 10.0 1500
PlacementRows 0.0 1080.0 2.0 10.0 1500
PlacementRows 0.0 1090.0 2.0 10.0 1500
PlacementRows 0.0 1100.0 2.0 10.0 1500
PlacementRows 0.0 1110.0 2.0 10.0 1500
PlacementRows 0.0 1120.0 2.0 10.0 1500
PlacementRows 0.0 1130.0 2.0 10.0 1500
PlacementRows 0.0 1140.0 2.0 10.0 1500
PlacementRows 0.0 1150.0 2.0 10.0 1500
PlacementRows 0.0 1160.0 2.0 10.0 1500
PlacementRows 0.0 1170.0 2.0 10.0 1500
PlacementRows 0.0 1180.0 2.0 10.0 1500
PlacementRows 0.0 1190.0 2.0 10.0 1500
PlacementRows 0.0 1200.0 2.0 10.0 1500
PlacementRows 0.0 1210.0 2.0 10.0 1500
PlacementRows 0.0 1220.0 2.0 10.0 1500
PlacementRows 0.0 1230.0 2.0 10.0 1500
PlacementRows 0.0 1240.0 2.0 10.0 1500
PlacementRows 0.0 1250.0 2.0 10.0 1500
PlacementRows 0.0 1260.0 2.0 10.0 1500
PlacementRows 0.0 1270.0 2.0 10.0 1500
PlacementRows 0.0 1280.0 2.0 10.0 1500
PlacementRows 0.0 1290.0 2.0 10.0 1500
PlacementRows 0.0 1300.0 2.0 10.0 1500
PlacementRows 0.0 1310.0 2.0 10.0 1500
PlacementRows 0.0 1320.0 2.0 10.0 1500
PlacementRows 0.0 1330.0 2.0 10.0 1500
PlacementRows 0.0 1340.0 2.0 10.0 1500
PlacementRows 0.0 1350.0 2.0 10.0 1500
PlacementRows 0.0 1360.0 2.0 10.0 1500
PlacementRows 0.0 1370.0 2.0 10.0 1500
PlacementRows 0.0 1380.0 2.0 10.0 1500
PlacementRows 0.0 1390.0 2.0 10.0 1500
PlacementRows 0.0 1400.0 2.0 10.0 1500
PlacementRows 0.0 1410.0 2.0 10.0 1500
PlacementRows 0.0 1420.0 2.0 10.0 1500
PlacementRows 0.0 1430.0 2.0 10.0 1500
PlacementRows 0.0 1440.0 2.0 10.0 1500
PlacementRows 0.0 1450.0 2.0 10.0 1500
PlacementRows 0.0 1460.0 2.0 10.0 1500
PlacementRows 0.0 1470.0 2.0 10.0 1500
PlacementRows 0.0 1480.0 2.0 10.0 1500
PlacementRows 0.0 1490.0 2.0 10.0 1500
PlacementRows 0.0 1500.0 2.0 10.0 1500
PlacementRows 0.0 1510.0 2.0 10.0 1500
PlacementRows 0.0 1520.0 2.0 10.0 1500
PlacementRows 0.0 1530.0 2.0 10.0 1500
PlacementRows 0.0 1540.0 2.0 10.0 1500
PlacementRows 0.0 1550.0 2.0 10.0 1500
PlacementRows 0.0 1560.0 2.0 10.0 1500
PlacementRows 0.0 1570.0 2.0 10.0 1500
PlacementRows 0.0 1580.0 2.0 10.0 1500
PlacementRows 0.0 1590.0 2.0 10.0 1500
PlacementRows 0.0 1600.0 2.0 10.0 1500
PlacementRows 0.0 1610.0 2.0 10.0 1500
PlacementRows 0.0 1620.0 2.0 10.0 1500
PlacementRows 0.0 1630.0 2.0 10.0 1500
PlacementRows 0.0 1640.0 2.0 10.0 1500
PlacementRows 0.0 1650.0 2.0 10.0 1500
PlacementRows 0.0 1660.0 2.0 10.0 1500
PlacementRows 0.0 1670.0 2.0 10.0 1500
PlacementRows 0.0 1680.0 2.0 10.0 1500
PlacementRows 0.0 1690.0 2.0 10.0 1500
PlacementRows 0.0 1700.0 2.0 10.0 1500
PlacementRows 0.0 1710.0 2.0 10.0 1500
PlacementRows 0.0 1720.0 2.0 10.0 1500
PlacementRows 0.0 1730.0 2.0 10.0 1500
PlacementRows 0.0 1740.0 2.0 10.0 1500
PlacementRows 0.0 1750.0 2.0 10.0 1500
PlacementRows 0.0 1760.0 2.0 10.0 1500
PlacementRows 0.0 1770.0 2.0 10.0 1500
PlacementRows 0.0 1780.0 2.0 10.0 1500
PlacementRows 0.0 1790.0 2.0 10.0 1500
PlacementRows 0.0 1800.0 2.0 10.0 1500
PlacementRows 0.0 1810.0 2.0 10.0 1500
PlacementRows 0.0 1820.0 2.0 10.0 1500
PlacementRows 0.0 1830.0 2.0 10.0 1500
PlacementRows 0.0 1840.0 2.0 10.0 1500
PlacementRows 0.0 1850.0 2.0 10.0 1500
PlacementRows 0.0 1860.0 2.0 10.0 1500
PlacementRows 0.0 1870.0 2.0 10.0 1500
PlacementRows 0.0 1880.0 2.0 10.0 1500
PlacementRows 0.0 1890.0 2.0 10.0 1500
PlacementRows 0.0 1900.0 2.0 10.0 1500
PlacementRows 0.0 1910.0 2.0 10.0 1500
PlacementRows 0.0 1920.0 2.0 10.0 1500
PlacementRows 0.0 1930.0 2.0 10.0 1500
PlacementRows 0.0 1940.0 2.0 10.0 1500
PlacementRows 0.0 1950.0 2.0 10.0 1500
PlacementRows 0.0 1960.0 2.0 10.0 1500
PlacementRows 0.0 1970.0 2.0 10.0 1500
PlacementRows 0.0 1980.0 2.0 10.0 1500
PlacementRows 0.0 1990.0 2.0 10.0 1500
PlacementRows 0.0 2000.0 2.0 10.0 1500
PlacementRows 0.0 2010.0 2.0 10.0 1500
PlacementRows 0.0 2020.0 2.0 10.0 1500
PlacementRows 0.0 2030.0 2.0 10.0 1500
PlacementRows 0.0 2040.0 2.0 10.0 1500
PlacementRows 0.0 2050.0 2.0 10.0 1500
PlacementRows 0.0 2060.0 2.0 10.0 1500
PlacementRows 0.0 2070.0 2.0 10.0 1500
PlacementRows 0.0 2080.0 2.0 10.0 1500
PlacementRows 0.0 2090.0 2.0 10.0 1500
PlacementRows 0.0 2100.0 2.0 10.0 1500
PlacementRows 0.0 2110.0 2.0 10.0 1500
PlacementRows 0.0 2120.0 2.0 10.0 1500
PlacementRows 0.0 2130.0 2.0 10.0 1500
PlacementRows 0.0 2140.0 2.0 10.0 1500
PlacementRows 0.0 2150.0 2.0 10.0 1500
PlacementRows 0.0 2160.0 2.0 10.0 1500
PlacementRows 0.0 2170.0 2.0 10.0 1500
PlacementRows 0.0 2180.0 2.0 10.0 1500
PlacementRows 0.0 2190.0 2.0 10.0 1500
PlacementRows 0.0 2200.0 2.0 10.0 1500
PlacementRows 0.0 2210.0 2.0 10.0 1500
PlacementRows 0.0 2220.0 2.0 10.0 1500
PlacementRows 0.0 2230.0 2.0 10.0 1500
PlacementRows 0.0 2240.0 2.0 10.0 1500
PlacementRows 0.0 2250.0 2.0 10.0 1500
PlacementRows 0.0 2260.0 2.0 10.0 1500
PlacementRows 0.0 2270.0 2.0 10.0 1500
PlacementRows 0.0 2280.0 2.0 10.0 1500
PlacementRows 0.0 2290.0 2.0 10.0 1500
PlacementRows 0.0 2300.0 2.0 10.0 1500
PlacementRows 0.0 2310.0 2.0 10.0 1500
PlacementRows 0.0 2320.0 2.0 10.0 1500
PlacementRows 0.0 2330.0 2.0 10.0 1500
PlacementRows 0.0 2340.0 2.0 10.0 1500
PlacementRows 0.0 2350.0 2.0 10.0 1500
PlacementRows 0.0 2360.0 2.0 10.0 1500
PlacementRows 0.0 2370.0 2.0 10.0 1500
PlacementRows 0.0 2380.0 2.0 10.0 1500
PlacementRows 0.0 2390.0 2.0 10.0 1500
PlacementRows 0.0 2400.0 2.0 10.0 1500
PlacementRows 0.0 2410.0 2.0 10.0 1500
PlacementRows 0.0 2420.0 2.0 10.0 1500
PlacementRows 0.0 2430.0 2.0 10.0 1500
PlacementRows 0.0 2440.0 2.0 10.0 1500
PlacementRows 0.0 2450.0 2.0 10.0 1500
PlacementRows 0.0 2460.0 2.0 10.0 1500
PlacementRows 0.0 2470.0 2.0 10.0 1500
PlacementRows 0.0 2480.0 2.0 10.0 1500
PlacementRows 0.0 2490.0 2.0 10.0 1500
PlacementRows 0.0 2500.0 2.0 10.0 1500
PlacementRows 0.0 2510.0 2.0 10.0 1500
PlacementRows 0.0 2520.0 2.0 10.0 1500
PlacementRows 0.0 2530.0 2.0 10.0 1500
PlacementRows 0.0 2540.0 2.0 10.0 1500
PlacementRows 0.0 2550.0 2.0 10.0 1500
PlacementRows 0.0 2560.0 2.0 10.0 1500
PlacementRows 0.0 2570.0 2.0 10.0 1500
PlacementRows 0.0 2580.0 2.0 10.0 1500
PlacementRows 0.0 2590.0 2.0 10.0 1500
PlacementRows 0.0 2600.0 2.0 10.0 1500
PlacementRows 0.0 2610.0 2.0 10.0 1500
PlacementRows 0.0 2620.0 2.0 10.0 1500
PlacementRows 0.0 2630.0 2.0 10.0 1500
PlacementRows 0.0 2640.0 2.0 10.0 1500
PlacementRows 0.0 2650.0 2.0 10.0 1500
PlacementRows 0.0 2660.0 2.0 10.0 1500
PlacementRows 0.0 2670.0 2.0 10.0 1500
PlacementRows 0.0 2680.0 2.0 10.0 1500
PlacementRows 0.0 2690.0 2.0 10.0 1500
PlacementRows 0.0 2700.0 2.0 10.0 1500
PlacementRows 0.0 2710.0 2.0 10.0 1500
PlacementRows 0.0 2720.0 2.0 10.0 1500
PlacementRows 0.0 2730.0 2.0 10.0 1500
PlacementRows 0.0 2740.0 2.0 10.0 1500
PlacementRows 0.0 2750.0 2.0 10.0 1500
PlacementRows 0.0 2760.0 2.0 10.0 1500
PlacementRows 0.0 2770.0 2.0 10.0 1500
PlacementRows 0.0 2780.0 2.0 10.0 1500
PlacementRows 0.0 2790.0 2.0 10.0 1500
PlacementRows 0.0 2800.0 2.0 10.0 1500
PlacementRows 0.0 2810.0 2.0 10.0 1500
PlacementRows 0.0 2820.0 2.0 10.0 1500
PlacementRows 0.0 2830.0 2.0 10.0 1500
PlacementRows 0.0 2840.0 2.0 10.0 1500
PlacementRows 0.0 2850.0 2.0 10.0 1500
PlacementRows 0.0 2860.0 2.0 10.0 1500
PlacementRows 0.0 2870.0 2.0 10.0 1500
PlacementRows 0.0 2880.0 2.0 10.0 1500
PlacementRows 0.0 2890.0 2.0 10.0 1500
PlacementRows 0.0 2900.0 2.0 10.0 1500
PlacementRows 0.0 2910.0 2.0 10.0 1500
PlacementRows 0.0 2920.0 2.0 10.0 1500
PlacementRows 0.0 2930.0 2.0 10.0 1500
PlacementRows 0.0 2940.0 2.0 10.0 1500
PlacementRows 0.0 2950.0 2.0 10.0 1500
PlacementRows 0.0 2960.0 2.0 10.0 1500
PlacementRows 0.0 2970.0 2.0 10.0 1500
PlacementRows 0.0 2980.0 2.0 10.0 1500
PlacementRows 0.0 2990.0 2.0 10.0 1500
DisplacementDelay 0.01
QpinDelay FF1 1.0
QpinDelay FF2 1.0
QpinDelay FF4 1.0
TimingSlack FLIP_FLOP3 D0 0.0
TimingSlack FLIP_FLOP4 D0 0.0
TimingSlack FLIP_FLOP6 D0 0.0
TimingSlack FLIP_FLOP8 D0 0.0
TimingSlack FLIP_FLOP9 D0 0.0
TimingSlack FLIP_FLOP10 D0 0.0
TimingSlack FLIP_FLOP11 D0 0.0
TimingSlack FLIP_FLOP12 D0 0.0
TimingSlack FLIP_FLOP13 D0 0.0
TimingSlack FLIP_FLOP16 D0 0.0
TimingSlack FLIP_FLOP17 D0 0.0
TimingSlack FLIP_FLOP22 D0 0.0
TimingSlack FLIP_FLOP23 D0 0.0
TimingSlack FLIP_FLOP25 D0 0.0
TimingSlack FLIP_FLOP34 D0 0.0
TimingSlack FLIP_FLOP36 D0 0.0
TimingSlack FLIP_FLOP38 D0 0.0
TimingSlack FLIP_FLOP40 D0 0.0
TimingSlack FLIP_FLOP41 D0 0.0
TimingSlack FLIP_FLOP45 D0 0.0
TimingSlack FLIP_FLOP46 D0 0.0
TimingSlack FLIP_FLOP47 D0 0.0
TimingSlack FLIP_FLOP48 D0 0.0
TimingSlack FLIP_FLOP50 D0 0.0
TimingSlack FLIP_FLOP51 D0 0.0
TimingSlack FLIP_FLOP52 D0 0.0
TimingSlack FLIP_FLOP53 D0 0.0
TimingSlack FLIP_FLOP54 D0 0.0
TimingSlack FLIP_FLOP55 D0 0.0
TimingSlack FLIP_FLOP56 D0 0.0
TimingSlack FLIP_FLOP57 D0 0.0
TimingSlack FLIP_FLOP59 D0 0.0
TimingSlack FLIP_FLOP60 D0 0.0
TimingSlack FLIP_FLOP61 D0 0.0
TimingSlack FLIP_FLOP64 D0 0.0
TimingSlack FLIP_FLOP65 D0 0.0
TimingSlack FLIP_FLOP67 D0 0.0
TimingSlack FLIP_FLOP71 D0 0.0
TimingSlack FLIP_FLOP73 D0 0.0
TimingSlack FLIP_FLOP74 D0 0.0
TimingSlack FLIP_FLOP75 D0 0.0
TimingSlack FLIP_FLOP77 D0 0.0
TimingSlack FLIP_FLOP78 D0 0.0
TimingSlack FLIP_FLOP80 D0 0.0
TimingSlack FLIP_FLOP84 D0 0.0
TimingSlack FLIP_FLOP88 D0 0.0
TimingSlack FLIP_FLOP90 D0 0.0
TimingSlack FLIP_FLOP91 D0 0.0
TimingSlack FLIP_FLOP92 D0 0.0
TimingSlack FLIP_FLOP93 D0 0.0
TimingSlack FLIP_FLOP95 D0 0.0
TimingSlack FLIP_FLOP96 D0 0.0
TimingSlack FLIP_FLOP98 D0 0.0
TimingSlack FLIP_FLOP99 D0 0.0
TimingSlack FLIP_FLOP102 D0 0.0
TimingSlack FLIP_FLOP103 D0 0.0
TimingSlack FLIP_FLOP104 D0 0.0
TimingSlack FLIP_FLOP105 D0 0.0
TimingSlack FLIP_FLOP106 D0 0.0
TimingSlack FLIP_FLOP107 D0 0.0
TimingSlack FLIP_FLOP109 D0 0.0
TimingSlack FLIP_FLOP112 D0 0.0
TimingSlack FLIP_FLOP113 D0 0.0
TimingSlack FLIP_FLOP114 D0 0.0
TimingSlack FLIP_FLOP116 D0 0.0
TimingSlack FLIP_FLOP117 D0 0.0
TimingSlack FLIP_FLOP119 D0 0.0
TimingSlack FLIP_FLOP120 D0 0.0
TimingSlack NEW_FLIP_FLOP_1 D0 0.0
TimingSlack NEW_FLIP_FLOP_1 D1 0.0
TimingSlack NEW_FLIP_FLOP_2 D0 0.0
TimingSlack NEW_FLIP_FLOP_2 D1 0.0
TimingSlack NEW_FLIP_FLOP_3 D0 0.0
TimingSlack NEW_FLIP_FLOP_3 D1 0.0
TimingSlack NEW_FLIP_FLOP_4 D0 0.0
TimingSlack NEW_FLIP_FLOP_4 D1 0.0
TimingSlack NEW_FLIP_FLOP_5 D0 0.0
TimingSlack NEW_FLIP_FLOP_5 D1 0.0
TimingSlack NEW_FLIP_FLOP_6 D0 0.0
TimingSlack NEW_FLIP_FLOP_6 D1 0.0
TimingSlack NEW_FLIP_FLOP_7 D0 0.0
TimingSlack NEW_FLIP_FLOP_7 D1 0.0
TimingSlack NEW_FLIP_FLOP_8 D0 0.0
TimingSlack NEW_FLIP_FLOP_8 D1 0.0
TimingSlack NEW_FLIP_FLOP_9 D0 0.0
TimingSlack NEW_FLIP_FLOP_9 D1 0.0
TimingSlack NEW_FLIP_FLOP_10 D0 0.0
TimingSlack NEW_FLIP_FLOP_10 D1 0.0
TimingSlack NEW_FLIP_FLOP_11 D0 0.0
TimingSlack NEW_FLIP_FLOP_11 D1 0.0
TimingSlack NEW_FLIP_FLOP_12 D0 0.0
TimingSlack NEW_FLIP_FLOP_12 D1 0.0
TimingSlack NEW_FLIP_FLOP_13 D0 0.0
TimingSlack NEW_FLIP_FLOP_13 D1 0.0
TimingSlack NEW_FLIP_FLOP_14 D0 0.0
TimingSlack NEW_FLIP_FLOP_14 D1 0.0
TimingSlack NEW_FLIP_FLOP_15 D0 0.0
TimingSlack NEW_FLIP_FLOP_15 D1 0.0
TimingSlack NEW_FLIP_FLOP_16 D0 0.0
TimingSlack NEW_FLIP_FLOP_16 D1 0.0
TimingSlack NEW_FLIP_FLOP_17 D0 0.0
TimingSlack NEW_FLIP_FLOP_17 D1 0.0
TimingSlack NEW_FLIP_FLOP_18 D0 0.0
TimingSlack NEW_FLIP_FLOP_18 D1 0.0
TimingSlack NEW_FLIP_FLOP_19 D0 0.0
TimingSlack NEW_FLIP_FLOP_19 D1 0.0
TimingSlack NEW_FLIP_FLOP_20 D0 0.0
TimingSlack NEW_FLIP_FLOP_20 D1 0.0
TimingSlack NEW_FLIP_FLOP_21 D0 0.0
TimingSlack NEW_FLIP_FLOP_21 D1 0.0
TimingSlack NEW_FLIP_FLOP_22 D0 0.0
TimingSlack NEW_FLIP_FLOP_22 D1 0.0
TimingSlack FF2_FLIP_FLOP27_FLIP_FLOP28 D0 -0.20071796769724415
TimingSlack FF2_FLIP_FLOP27_FLIP_FLOP28 D1 -0.24928203230275586
TimingSlack FF2_FLIP_FLOP32_FLIP_FLOP33 D0 3.059282032302756
TimingSlack FF2_FLIP_FLOP32_FLIP_FLOP33 D1 -0.020717967697244148
TimingSlack FF4_FF2_FLIP_FLOP15_FLIP_FLOP24_FF2_FLIP_FLOP62_FLIP_FLOP72 D0 2.7155902849193283
TimingSlack FF4_FF2_FLIP_FLOP15_FLIP_FLOP24_FF2_FLIP_FLOP62_FLIP_FLOP72 D1 -9.734409715080671
TimingSlack FF4_FF2_FLIP_FLOP15_FLIP_FLOP24_FF2_FLIP_FLOP62_FLIP_FLOP72 D2 -9.765590284919329
TimingSlack FF4_FF2_FLIP_FLOP15_FLIP_FLOP24_FF2_FLIP_FLOP62_FLIP_FLOP72 D3 -6.784409715080672
GatePower FF1 100.0
GatePower FF2 172.0
GatePower FF4 312.0
